<?xml version="1.0" encoding="UTF-8"?>
<testsuites>
  <testsuite name="/app/phpunit-ci.xml" tests="225" assertions="3083" errors="0" failures="0" skipped="0" time="41.321328">
    <testsuite name="Unit" tests="39" assertions="64" errors="0" failures="0" skipped="0" time="1.981290">
      <testsuite name="Tests\Unit\Playground\Directory\Resource\Http\Requests\FormRequest\InstanceTest" file="/app/tests/Unit/Http/Requests/FormRequest/InstanceTest.php" tests="5" assertions="6" errors="0" failures="0" skipped="0" time="0.451509">
        <testcase name="test_FormRequest_authorize_without_user" file="/app/tests/Unit/Http/Requests/FormRequest/InstanceTest.php" line="21" class="Tests\Unit\Playground\Directory\Resource\Http\Requests\FormRequest\InstanceTest" classname="Tests.Unit.Playground.Directory.Resource.Http.Requests.FormRequest.InstanceTest" assertions="1" time="0.279311"/>
        <testcase name="test_RULES_is_empty_by_default" file="/app/tests/Unit/Http/Requests/FormRequest/InstanceTest.php" line="28" class="Tests\Unit\Playground\Directory\Resource\Http\Requests\FormRequest\InstanceTest" classname="Tests.Unit.Playground.Directory.Resource.Http.Requests.FormRequest.InstanceTest" assertions="2" time="0.035925"/>
        <testcase name="test_userHasAdminPrivileges_without_user" file="/app/tests/Unit/Http/Requests/FormRequest/InstanceTest.php" line="36" class="Tests\Unit\Playground\Directory\Resource\Http\Requests\FormRequest\InstanceTest" classname="Tests.Unit.Playground.Directory.Resource.Http.Requests.FormRequest.InstanceTest" assertions="1" time="0.037071"/>
        <testcase name="test_userHasAdminPrivileges_with_admin" file="/app/tests/Unit/Http/Requests/FormRequest/InstanceTest.php" line="43" class="Tests\Unit\Playground\Directory\Resource\Http\Requests\FormRequest\InstanceTest" classname="Tests.Unit.Playground.Directory.Resource.Http.Requests.FormRequest.InstanceTest" assertions="1" time="0.058625"/>
        <testcase name="test_userHasAdminPrivileges_with_default_laravel_user" file="/app/tests/Unit/Http/Requests/FormRequest/InstanceTest.php" line="55" class="Tests\Unit\Playground\Directory\Resource\Http\Requests\FormRequest\InstanceTest" classname="Tests.Unit.Playground.Directory.Resource.Http.Requests.FormRequest.InstanceTest" assertions="1" time="0.040577"/>
      </testsuite>
      <testsuite name="Tests\Unit\Playground\Directory\Resource\Http\Requests\Location\CreateRequestTest" file="/app/tests/Unit/Http/Requests/Location/CreateRequestTest.php" tests="1" assertions="1" errors="0" failures="0" skipped="0" time="0.055869">
        <testcase name="test_request_instance" file="/app/vendor/gammamatrix/playground-test/src/Unit/Http/Requests/RequestCase.php" line="41" class="Tests\Unit\Playground\Directory\Resource\Http\Requests\Location\CreateRequestTest" classname="Tests.Unit.Playground.Directory.Resource.Http.Requests.Location.CreateRequestTest" assertions="1" time="0.055869"/>
      </testsuite>
      <testsuite name="Tests\Unit\Playground\Directory\Resource\Http\Requests\Location\DestroyRequestTest" file="/app/tests/Unit/Http/Requests/Location/DestroyRequestTest.php" tests="1" assertions="1" errors="0" failures="0" skipped="0" time="0.038684">
        <testcase name="test_request_instance" file="/app/vendor/gammamatrix/playground-test/src/Unit/Http/Requests/RequestCase.php" line="41" class="Tests\Unit\Playground\Directory\Resource\Http\Requests\Location\DestroyRequestTest" classname="Tests.Unit.Playground.Directory.Resource.Http.Requests.Location.DestroyRequestTest" assertions="1" time="0.038684"/>
      </testsuite>
      <testsuite name="Tests\Unit\Playground\Directory\Resource\Http\Requests\Location\EditRequestTest" file="/app/tests/Unit/Http/Requests/Location/EditRequestTest.php" tests="1" assertions="1" errors="0" failures="0" skipped="0" time="0.052603">
        <testcase name="test_request_instance" file="/app/vendor/gammamatrix/playground-test/src/Unit/Http/Requests/RequestCase.php" line="41" class="Tests\Unit\Playground\Directory\Resource\Http\Requests\Location\EditRequestTest" classname="Tests.Unit.Playground.Directory.Resource.Http.Requests.Location.EditRequestTest" assertions="1" time="0.052603"/>
      </testsuite>
      <testsuite name="Tests\Unit\Playground\Directory\Resource\Http\Requests\Location\IndexRequestTest" file="/app/tests/Unit/Http/Requests/Location/IndexRequestTest.php" tests="1" assertions="1" errors="0" failures="0" skipped="0" time="0.103708">
        <testcase name="test_request_instance" file="/app/vendor/gammamatrix/playground-test/src/Unit/Http/Requests/RequestCase.php" line="41" class="Tests\Unit\Playground\Directory\Resource\Http\Requests\Location\IndexRequestTest" classname="Tests.Unit.Playground.Directory.Resource.Http.Requests.Location.IndexRequestTest" assertions="1" time="0.103708"/>
      </testsuite>
      <testsuite name="Tests\Unit\Playground\Directory\Resource\Http\Requests\Location\LockRequestTest" file="/app/tests/Unit/Http/Requests/Location/LockRequestTest.php" tests="1" assertions="1" errors="0" failures="0" skipped="0" time="0.037146">
        <testcase name="test_request_instance" file="/app/vendor/gammamatrix/playground-test/src/Unit/Http/Requests/RequestCase.php" line="41" class="Tests\Unit\Playground\Directory\Resource\Http\Requests\Location\LockRequestTest" classname="Tests.Unit.Playground.Directory.Resource.Http.Requests.Location.LockRequestTest" assertions="1" time="0.037146"/>
      </testsuite>
      <testsuite name="Tests\Unit\Playground\Directory\Resource\Http\Requests\Location\RestoreRequestTest" file="/app/tests/Unit/Http/Requests/Location/RestoreRequestTest.php" tests="1" assertions="1" errors="0" failures="0" skipped="0" time="0.037684">
        <testcase name="test_request_instance" file="/app/vendor/gammamatrix/playground-test/src/Unit/Http/Requests/RequestCase.php" line="41" class="Tests\Unit\Playground\Directory\Resource\Http\Requests\Location\RestoreRequestTest" classname="Tests.Unit.Playground.Directory.Resource.Http.Requests.Location.RestoreRequestTest" assertions="1" time="0.037684"/>
      </testsuite>
      <testsuite name="Tests\Unit\Playground\Directory\Resource\Http\Requests\Location\ShowRequestTest" file="/app/tests/Unit/Http/Requests/Location/ShowRequestTest.php" tests="1" assertions="1" errors="0" failures="0" skipped="0" time="0.036267">
        <testcase name="test_request_instance" file="/app/vendor/gammamatrix/playground-test/src/Unit/Http/Requests/RequestCase.php" line="41" class="Tests\Unit\Playground\Directory\Resource\Http\Requests\Location\ShowRequestTest" classname="Tests.Unit.Playground.Directory.Resource.Http.Requests.Location.ShowRequestTest" assertions="1" time="0.036267"/>
      </testsuite>
      <testsuite name="Tests\Unit\Playground\Directory\Resource\Http\Requests\Location\StoreRequestTest" file="/app/tests/Unit/Http/Requests/Location/StoreRequestTest.php" tests="3" assertions="8" errors="0" failures="0" skipped="0" time="0.128138">
        <testcase name="test_request_instance" file="/app/vendor/gammamatrix/playground-test/src/Unit/Http/Requests/RequestCase.php" line="41" class="Tests\Unit\Playground\Directory\Resource\Http\Requests\Location\StoreRequestTest" classname="Tests.Unit.Playground.Directory.Resource.Http.Requests.Location.StoreRequestTest" assertions="1" time="0.056956"/>
        <testcase name="test_StoreRequest_rules_with_optional_revisions_disabled" file="/app/tests/Unit/Http/Requests/Location/StoreRequestTest.php" line="19" class="Tests\Unit\Playground\Directory\Resource\Http\Requests\Location\StoreRequestTest" classname="Tests.Unit.Playground.Directory.Resource.Http.Requests.Location.StoreRequestTest" assertions="3" time="0.035611"/>
        <testcase name="test_StoreRequest_rules_with_optional_revisions_enabled" file="/app/tests/Unit/Http/Requests/Location/StoreRequestTest.php" line="29" class="Tests\Unit\Playground\Directory\Resource\Http\Requests\Location\StoreRequestTest" classname="Tests.Unit.Playground.Directory.Resource.Http.Requests.Location.StoreRequestTest" assertions="4" time="0.035570"/>
      </testsuite>
      <testsuite name="Tests\Unit\Playground\Directory\Resource\Http\Requests\Location\UnlockRequestTest" file="/app/tests/Unit/Http/Requests/Location/UnlockRequestTest.php" tests="1" assertions="1" errors="0" failures="0" skipped="0" time="0.037774">
        <testcase name="test_request_instance" file="/app/vendor/gammamatrix/playground-test/src/Unit/Http/Requests/RequestCase.php" line="41" class="Tests\Unit\Playground\Directory\Resource\Http\Requests\Location\UnlockRequestTest" classname="Tests.Unit.Playground.Directory.Resource.Http.Requests.Location.UnlockRequestTest" assertions="1" time="0.037774"/>
      </testsuite>
      <testsuite name="Tests\Unit\Playground\Directory\Resource\Http\Requests\Location\UpdateRequestTest" file="/app/tests/Unit/Http/Requests/Location/UpdateRequestTest.php" tests="3" assertions="8" errors="0" failures="0" skipped="0" time="0.128102">
        <testcase name="test_request_instance" file="/app/vendor/gammamatrix/playground-test/src/Unit/Http/Requests/RequestCase.php" line="41" class="Tests\Unit\Playground\Directory\Resource\Http\Requests\Location\UpdateRequestTest" classname="Tests.Unit.Playground.Directory.Resource.Http.Requests.Location.UpdateRequestTest" assertions="1" time="0.056204"/>
        <testcase name="test_UpdateRequest_rules_with_optional_revisions_disabled" file="/app/tests/Unit/Http/Requests/Location/UpdateRequestTest.php" line="19" class="Tests\Unit\Playground\Directory\Resource\Http\Requests\Location\UpdateRequestTest" classname="Tests.Unit.Playground.Directory.Resource.Http.Requests.Location.UpdateRequestTest" assertions="3" time="0.035802"/>
        <testcase name="test_UpdateRequest_rules_with_optional_revisions_enabled" file="/app/tests/Unit/Http/Requests/Location/UpdateRequestTest.php" line="29" class="Tests\Unit\Playground\Directory\Resource\Http\Requests\Location\UpdateRequestTest" classname="Tests.Unit.Playground.Directory.Resource.Http.Requests.Location.UpdateRequestTest" assertions="4" time="0.036096"/>
      </testsuite>
      <testsuite name="Tests\Unit\Playground\Directory\Resource\Http\Requests\Sublocation\CreateRequestTest" file="/app/tests/Unit/Http/Requests/Sublocation/CreateRequestTest.php" tests="1" assertions="1" errors="0" failures="0" skipped="0" time="0.052745">
        <testcase name="test_request_instance" file="/app/vendor/gammamatrix/playground-test/src/Unit/Http/Requests/RequestCase.php" line="41" class="Tests\Unit\Playground\Directory\Resource\Http\Requests\Sublocation\CreateRequestTest" classname="Tests.Unit.Playground.Directory.Resource.Http.Requests.Sublocation.CreateRequestTest" assertions="1" time="0.052745"/>
      </testsuite>
      <testsuite name="Tests\Unit\Playground\Directory\Resource\Http\Requests\Sublocation\DestroyRequestTest" file="/app/tests/Unit/Http/Requests/Sublocation/DestroyRequestTest.php" tests="1" assertions="1" errors="0" failures="0" skipped="0" time="0.037908">
        <testcase name="test_request_instance" file="/app/vendor/gammamatrix/playground-test/src/Unit/Http/Requests/RequestCase.php" line="41" class="Tests\Unit\Playground\Directory\Resource\Http\Requests\Sublocation\DestroyRequestTest" classname="Tests.Unit.Playground.Directory.Resource.Http.Requests.Sublocation.DestroyRequestTest" assertions="1" time="0.037908"/>
      </testsuite>
      <testsuite name="Tests\Unit\Playground\Directory\Resource\Http\Requests\Sublocation\EditRequestTest" file="/app/tests/Unit/Http/Requests/Sublocation/EditRequestTest.php" tests="1" assertions="1" errors="0" failures="0" skipped="0" time="0.052204">
        <testcase name="test_request_instance" file="/app/vendor/gammamatrix/playground-test/src/Unit/Http/Requests/RequestCase.php" line="41" class="Tests\Unit\Playground\Directory\Resource\Http\Requests\Sublocation\EditRequestTest" classname="Tests.Unit.Playground.Directory.Resource.Http.Requests.Sublocation.EditRequestTest" assertions="1" time="0.052204"/>
      </testsuite>
      <testsuite name="Tests\Unit\Playground\Directory\Resource\Http\Requests\Sublocation\IndexRequestTest" file="/app/tests/Unit/Http/Requests/Sublocation/IndexRequestTest.php" tests="1" assertions="1" errors="0" failures="0" skipped="0" time="0.099562">
        <testcase name="test_request_instance" file="/app/vendor/gammamatrix/playground-test/src/Unit/Http/Requests/RequestCase.php" line="41" class="Tests\Unit\Playground\Directory\Resource\Http\Requests\Sublocation\IndexRequestTest" classname="Tests.Unit.Playground.Directory.Resource.Http.Requests.Sublocation.IndexRequestTest" assertions="1" time="0.099562"/>
      </testsuite>
      <testsuite name="Tests\Unit\Playground\Directory\Resource\Http\Requests\Sublocation\LockRequestTest" file="/app/tests/Unit/Http/Requests/Sublocation/LockRequestTest.php" tests="1" assertions="1" errors="0" failures="0" skipped="0" time="0.038561">
        <testcase name="test_request_instance" file="/app/vendor/gammamatrix/playground-test/src/Unit/Http/Requests/RequestCase.php" line="41" class="Tests\Unit\Playground\Directory\Resource\Http\Requests\Sublocation\LockRequestTest" classname="Tests.Unit.Playground.Directory.Resource.Http.Requests.Sublocation.LockRequestTest" assertions="1" time="0.038561"/>
      </testsuite>
      <testsuite name="Tests\Unit\Playground\Directory\Resource\Http\Requests\Sublocation\RestoreRequestTest" file="/app/tests/Unit/Http/Requests/Sublocation/RestoreRequestTest.php" tests="1" assertions="1" errors="0" failures="0" skipped="0" time="0.038154">
        <testcase name="test_request_instance" file="/app/vendor/gammamatrix/playground-test/src/Unit/Http/Requests/RequestCase.php" line="41" class="Tests\Unit\Playground\Directory\Resource\Http\Requests\Sublocation\RestoreRequestTest" classname="Tests.Unit.Playground.Directory.Resource.Http.Requests.Sublocation.RestoreRequestTest" assertions="1" time="0.038154"/>
      </testsuite>
      <testsuite name="Tests\Unit\Playground\Directory\Resource\Http\Requests\Sublocation\ShowRequestTest" file="/app/tests/Unit/Http/Requests/Sublocation/ShowRequestTest.php" tests="1" assertions="1" errors="0" failures="0" skipped="0" time="0.040089">
        <testcase name="test_request_instance" file="/app/vendor/gammamatrix/playground-test/src/Unit/Http/Requests/RequestCase.php" line="41" class="Tests\Unit\Playground\Directory\Resource\Http\Requests\Sublocation\ShowRequestTest" classname="Tests.Unit.Playground.Directory.Resource.Http.Requests.Sublocation.ShowRequestTest" assertions="1" time="0.040089"/>
      </testsuite>
      <testsuite name="Tests\Unit\Playground\Directory\Resource\Http\Requests\Sublocation\StoreRequestTest" file="/app/tests/Unit/Http/Requests/Sublocation/StoreRequestTest.php" tests="3" assertions="8" errors="0" failures="0" skipped="0" time="0.131793">
        <testcase name="test_request_instance" file="/app/vendor/gammamatrix/playground-test/src/Unit/Http/Requests/RequestCase.php" line="41" class="Tests\Unit\Playground\Directory\Resource\Http\Requests\Sublocation\StoreRequestTest" classname="Tests.Unit.Playground.Directory.Resource.Http.Requests.Sublocation.StoreRequestTest" assertions="1" time="0.059759"/>
        <testcase name="test_StoreRequest_rules_with_optional_revisions_disabled" file="/app/tests/Unit/Http/Requests/Sublocation/StoreRequestTest.php" line="19" class="Tests\Unit\Playground\Directory\Resource\Http\Requests\Sublocation\StoreRequestTest" classname="Tests.Unit.Playground.Directory.Resource.Http.Requests.Sublocation.StoreRequestTest" assertions="3" time="0.036244"/>
        <testcase name="test_StoreRequest_rules_with_optional_revisions_enabled" file="/app/tests/Unit/Http/Requests/Sublocation/StoreRequestTest.php" line="29" class="Tests\Unit\Playground\Directory\Resource\Http\Requests\Sublocation\StoreRequestTest" classname="Tests.Unit.Playground.Directory.Resource.Http.Requests.Sublocation.StoreRequestTest" assertions="4" time="0.035790"/>
      </testsuite>
      <testsuite name="Tests\Unit\Playground\Directory\Resource\Http\Requests\Sublocation\UnlockRequestTest" file="/app/tests/Unit/Http/Requests/Sublocation/UnlockRequestTest.php" tests="1" assertions="1" errors="0" failures="0" skipped="0" time="0.036942">
        <testcase name="test_request_instance" file="/app/vendor/gammamatrix/playground-test/src/Unit/Http/Requests/RequestCase.php" line="41" class="Tests\Unit\Playground\Directory\Resource\Http\Requests\Sublocation\UnlockRequestTest" classname="Tests.Unit.Playground.Directory.Resource.Http.Requests.Sublocation.UnlockRequestTest" assertions="1" time="0.036942"/>
      </testsuite>
      <testsuite name="Tests\Unit\Playground\Directory\Resource\Http\Requests\Sublocation\UpdateRequestTest" file="/app/tests/Unit/Http/Requests/Sublocation/UpdateRequestTest.php" tests="3" assertions="8" errors="0" failures="0" skipped="0" time="0.131117">
        <testcase name="test_request_instance" file="/app/vendor/gammamatrix/playground-test/src/Unit/Http/Requests/RequestCase.php" line="41" class="Tests\Unit\Playground\Directory\Resource\Http\Requests\Sublocation\UpdateRequestTest" classname="Tests.Unit.Playground.Directory.Resource.Http.Requests.Sublocation.UpdateRequestTest" assertions="1" time="0.057235"/>
        <testcase name="test_UpdateRequest_rules_with_optional_revisions_disabled" file="/app/tests/Unit/Http/Requests/Sublocation/UpdateRequestTest.php" line="19" class="Tests\Unit\Playground\Directory\Resource\Http\Requests\Sublocation\UpdateRequestTest" classname="Tests.Unit.Playground.Directory.Resource.Http.Requests.Sublocation.UpdateRequestTest" assertions="3" time="0.037932"/>
        <testcase name="test_UpdateRequest_rules_with_optional_revisions_enabled" file="/app/tests/Unit/Http/Requests/Sublocation/UpdateRequestTest.php" line="29" class="Tests\Unit\Playground\Directory\Resource\Http\Requests\Sublocation\UpdateRequestTest" classname="Tests.Unit.Playground.Directory.Resource.Http.Requests.Sublocation.UpdateRequestTest" assertions="4" time="0.035951"/>
      </testsuite>
      <testsuite name="Tests\Unit\Playground\Directory\Resource\Policies\LocationPolicy\PolicyTest" file="/app/tests/Unit/Policies/LocationPolicy/PolicyTest.php" tests="1" assertions="1" errors="0" failures="0" skipped="0" time="0.035963">
        <testcase name="test_policy_instance" file="/app/tests/Unit/Policies/LocationPolicy/PolicyTest.php" line="19" class="Tests\Unit\Playground\Directory\Resource\Policies\LocationPolicy\PolicyTest" classname="Tests.Unit.Playground.Directory.Resource.Policies.LocationPolicy.PolicyTest" assertions="1" time="0.035963"/>
      </testsuite>
      <testsuite name="Tests\Unit\Playground\Directory\Resource\Policies\SublocationPolicy\PolicyTest" file="/app/tests/Unit/Policies/SublocationPolicy/PolicyTest.php" tests="1" assertions="1" errors="0" failures="0" skipped="0" time="0.035840">
        <testcase name="test_policy_instance" file="/app/tests/Unit/Policies/SublocationPolicy/PolicyTest.php" line="19" class="Tests\Unit\Playground\Directory\Resource\Policies\SublocationPolicy\PolicyTest" classname="Tests.Unit.Playground.Directory.Resource.Policies.SublocationPolicy.PolicyTest" assertions="1" time="0.035840"/>
      </testsuite>
      <testsuite name="Tests\Unit\Playground\Directory\Resource\ServiceProvider\InstanceTest" file="/app/tests/Unit/ServiceProvider/InstanceTest.php" tests="4" assertions="8" errors="0" failures="0" skipped="0" time="0.142927">
        <testcase name="test_version_matches" file="/app/tests/Unit/ServiceProvider/InstanceTest.php" line="20" class="Tests\Unit\Playground\Directory\Resource\ServiceProvider\InstanceTest" classname="Tests.Unit.Playground.Directory.Resource.ServiceProvider.InstanceTest" assertions="3" time="0.034593"/>
        <testcase name="test_setPolicies_with_empty_array" file="/app/tests/Unit/ServiceProvider/InstanceTest.php" line="29" class="Tests\Unit\Playground\Directory\Resource\ServiceProvider\InstanceTest" classname="Tests.Unit.Playground.Directory.Resource.ServiceProvider.InstanceTest" assertions="1" time="0.034954"/>
        <testcase name="test_setPolicies_with_invalid_model" file="/app/tests/Unit/ServiceProvider/InstanceTest.php" line="43" class="Tests\Unit\Playground\Directory\Resource\ServiceProvider\InstanceTest" classname="Tests.Unit.Playground.Directory.Resource.ServiceProvider.InstanceTest" assertions="2" time="0.037105"/>
        <testcase name="test_setPolicies_with_invalid_policy" file="/app/tests/Unit/ServiceProvider/InstanceTest.php" line="72" class="Tests\Unit\Playground\Directory\Resource\ServiceProvider\InstanceTest" classname="Tests.Unit.Playground.Directory.Resource.ServiceProvider.InstanceTest" assertions="2" time="0.036274"/>
      </testsuite>
    </testsuite>
    <testsuite name="Feature" tests="186" assertions="3019" errors="0" failures="0" skipped="0" time="39.340038">
      <testsuite name="Tests\Feature\Playground\Directory\Resource\Console\Commands\About\CommandTest" file="/app/tests/Feature/Console/Commands/About/CommandTest.php" tests="1" assertions="2" errors="0" failures="0" skipped="0" time="0.422544">
        <testcase name="test_command_about_displays_package_information_and_succeed" file="/app/tests/Feature/Console/Commands/About/CommandTest.php" line="20" class="Tests\Feature\Playground\Directory\Resource\Console\Commands\About\CommandTest" classname="Tests.Feature.Playground.Directory.Resource.Console.Commands.About.CommandTest" assertions="2" time="0.422544"/>
      </testsuite>
      <testsuite name="Tests\Feature\Playground\Directory\Resource\Http\Controllers\Playground\IndexRouteTest" file="/app/tests/Feature/Http/Controllers/Playground/IndexRouteTest.php" tests="2" assertions="3" errors="0" failures="0" skipped="0" time="0.420804">
        <testcase name="test_guest_cannot_render_index_view" file="/app/tests/Feature/Http/Controllers/Playground/IndexRouteTest.php" line="19" class="Tests\Feature\Playground\Directory\Resource\Http\Controllers\Playground\IndexRouteTest" classname="Tests.Feature.Playground.Directory.Resource.Http.Controllers.Playground.IndexRouteTest" assertions="1" time="0.194745"/>
        <testcase name="test_admin_can_render_index_view" file="/app/tests/Feature/Http/Controllers/Playground/IndexRouteTest.php" line="28" class="Tests\Feature\Playground\Directory\Resource\Http\Controllers\Playground\IndexRouteTest" classname="Tests.Feature.Playground.Directory.Resource.Http.Controllers.Playground.IndexRouteTest" assertions="2" time="0.226060"/>
      </testsuite>
      <testsuite name="Tests\Feature\Playground\Directory\Resource\Http\Controllers\Playground\LocationRouteTest" file="/app/tests/Feature/Http/Controllers/Playground/LocationRouteTest.php" tests="91" assertions="1500" errors="0" failures="0" skipped="0" time="19.244317">
        <testcase name="test_json_guest_cannot_get_create_info" file="/app/vendor/gammamatrix/playground-test/src/Feature/Http/Controllers/Resource/Playground/CreateJsonTrait.php" line="38" class="Tests\Feature\Playground\Directory\Resource\Http\Controllers\Playground\LocationRouteTest" classname="Tests.Feature.Playground.Directory.Resource.Http.Controllers.Playground.LocationRouteTest" assertions="1" time="0.245934"/>
        <testcase name="test_json_admin_can_get_create_info" file="/app/vendor/gammamatrix/playground-test/src/Feature/Http/Controllers/Resource/Playground/CreateJsonTrait.php" line="53" class="Tests\Feature\Playground\Directory\Resource\Http\Controllers\Playground\LocationRouteTest" classname="Tests.Feature.Playground.Directory.Resource.Http.Controllers.Playground.LocationRouteTest" assertions="94" time="0.197573"/>
        <testcase name="test_json_get_create_info_as_admin_with_invalid_parameter_and_fail_validation" file="/app/vendor/gammamatrix/playground-test/src/Feature/Http/Controllers/Resource/Playground/CreateJsonTrait.php" line="73" class="Tests\Feature\Playground\Directory\Resource\Http\Controllers\Playground\LocationRouteTest" classname="Tests.Feature.Playground.Directory.Resource.Http.Controllers.Playground.LocationRouteTest" assertions="4" time="0.182506"/>
        <testcase name="test_guest_cannot_render_create_view" file="/app/vendor/gammamatrix/playground-test/src/Feature/Http/Controllers/Resource/Playground/CreateTrait.php" line="33" class="Tests\Feature\Playground\Directory\Resource\Http\Controllers\Playground\LocationRouteTest" classname="Tests.Feature.Playground.Directory.Resource.Http.Controllers.Playground.LocationRouteTest" assertions="1" time="0.164138"/>
        <testcase name="test_admin_can_render_create_view" file="/app/vendor/gammamatrix/playground-test/src/Feature/Http/Controllers/Resource/Playground/CreateTrait.php" line="47" class="Tests\Feature\Playground\Directory\Resource\Http\Controllers\Playground\LocationRouteTest" classname="Tests.Feature.Playground.Directory.Resource.Http.Controllers.Playground.LocationRouteTest" assertions="2" time="0.270698"/>
        <testcase name="test_admin_can_render_create_view_with_return_url" file="/app/vendor/gammamatrix/playground-test/src/Feature/Http/Controllers/Resource/Playground/CreateTrait.php" line="65" class="Tests\Feature\Playground\Directory\Resource\Http\Controllers\Playground\LocationRouteTest" classname="Tests.Feature.Playground.Directory.Resource.Http.Controllers.Playground.LocationRouteTest" assertions="3" time="0.201262"/>
        <testcase name="test_create_view_as_admin_with_invalid_parameter_and_fail_validation_and_redirect" file="/app/vendor/gammamatrix/playground-test/src/Feature/Http/Controllers/Resource/Playground/CreateTrait.php" line="92" class="Tests\Feature\Playground\Directory\Resource\Http\Controllers\Playground\LocationRouteTest" classname="Tests.Feature.Playground.Directory.Resource.Http.Controllers.Playground.LocationRouteTest" assertions="5" time="0.179721"/>
        <testcase name="test_json_guest_cannot_destroy" file="/app/vendor/gammamatrix/playground-test/src/Feature/Http/Controllers/Resource/Playground/DestroyJsonTrait.php" line="31" class="Tests\Feature\Playground\Directory\Resource\Http\Controllers\Playground\LocationRouteTest" classname="Tests.Feature.Playground.Directory.Resource.Http.Controllers.Playground.LocationRouteTest" assertions="3" time="0.253150"/>
        <testcase name="test_json_destroy_as_admin_and_succeed" file="/app/vendor/gammamatrix/playground-test/src/Feature/Http/Controllers/Resource/Playground/DestroyJsonTrait.php" line="61" class="Tests\Feature\Playground\Directory\Resource\Http\Controllers\Playground\LocationRouteTest" classname="Tests.Feature.Playground.Directory.Resource.Http.Controllers.Playground.LocationRouteTest" assertions="5" time="0.209503"/>
        <testcase name="test_json_destroy_as_admin_and_succeed_with_force_delete" file="/app/vendor/gammamatrix/playground-test/src/Feature/Http/Controllers/Resource/Playground/DestroyJsonTrait.php" line="100" class="Tests\Feature\Playground\Directory\Resource\Http\Controllers\Playground\LocationRouteTest" classname="Tests.Feature.Playground.Directory.Resource.Http.Controllers.Playground.LocationRouteTest" assertions="4" time="0.190491"/>
        <testcase name="test_json_destroy_as_admin_and_succeed_with_no_content" file="/app/vendor/gammamatrix/playground-test/src/Feature/Http/Controllers/Resource/Playground/DestroyJsonTrait.php" line="132" class="Tests\Feature\Playground\Directory\Resource\Http\Controllers\Playground\LocationRouteTest" classname="Tests.Feature.Playground.Directory.Resource.Http.Controllers.Playground.LocationRouteTest" assertions="5" time="0.184665"/>
        <testcase name="test_json_destroy_as_admin_and_succeed_and_ignore_redirect" file="/app/vendor/gammamatrix/playground-test/src/Feature/Http/Controllers/Resource/Playground/DestroyJsonTrait.php" line="167" class="Tests\Feature\Playground\Directory\Resource\Http\Controllers\Playground\LocationRouteTest" classname="Tests.Feature.Playground.Directory.Resource.Http.Controllers.Playground.LocationRouteTest" assertions="5" time="0.184866"/>
        <testcase name="test_json_destroy_as_user_and_get_denied_and_no_force_delete_allowed" file="/app/vendor/gammamatrix/playground-test/src/Feature/Http/Controllers/Resource/Playground/DestroyJsonTrait.php" line="209" class="Tests\Feature\Playground\Directory\Resource\Http\Controllers\Playground\LocationRouteTest" classname="Tests.Feature.Playground.Directory.Resource.Http.Controllers.Playground.LocationRouteTest" assertions="3" time="0.184342"/>
        <testcase name="test_guest_cannot_destroy" file="/app/vendor/gammamatrix/playground-test/src/Feature/Http/Controllers/Resource/Playground/DestroyTrait.php" line="31" class="Tests\Feature\Playground\Directory\Resource\Http\Controllers\Playground\LocationRouteTest" classname="Tests.Feature.Playground.Directory.Resource.Http.Controllers.Playground.LocationRouteTest" assertions="3" time="0.183671"/>
        <testcase name="test_destroy_as_admin_and_succeed" file="/app/vendor/gammamatrix/playground-test/src/Feature/Http/Controllers/Resource/Playground/DestroyTrait.php" line="61" class="Tests\Feature\Playground\Directory\Resource\Http\Controllers\Playground\LocationRouteTest" classname="Tests.Feature.Playground.Directory.Resource.Http.Controllers.Playground.LocationRouteTest" assertions="5" time="0.189057"/>
        <testcase name="test_destroy_as_admin_and_succeed_with_force_delete" file="/app/vendor/gammamatrix/playground-test/src/Feature/Http/Controllers/Resource/Playground/DestroyTrait.php" line="97" class="Tests\Feature\Playground\Directory\Resource\Http\Controllers\Playground\LocationRouteTest" classname="Tests.Feature.Playground.Directory.Resource.Http.Controllers.Playground.LocationRouteTest" assertions="4" time="0.184483"/>
        <testcase name="test_destroy_as_admin_and_succeed_with_redirect_to_index_with_trash" file="/app/vendor/gammamatrix/playground-test/src/Feature/Http/Controllers/Resource/Playground/DestroyTrait.php" line="129" class="Tests\Feature\Playground\Directory\Resource\Http\Controllers\Playground\LocationRouteTest" classname="Tests.Feature.Playground.Directory.Resource.Http.Controllers.Playground.LocationRouteTest" assertions="5" time="0.185996"/>
        <testcase name="test_destroy_as_user_and_get_denied_and_no_force_delete_allowed" file="/app/vendor/gammamatrix/playground-test/src/Feature/Http/Controllers/Resource/Playground/DestroyTrait.php" line="171" class="Tests\Feature\Playground\Directory\Resource\Http\Controllers\Playground\LocationRouteTest" classname="Tests.Feature.Playground.Directory.Resource.Http.Controllers.Playground.LocationRouteTest" assertions="3" time="0.190424"/>
        <testcase name="test_json_guest_cannot_get_edit_info" file="/app/vendor/gammamatrix/playground-test/src/Feature/Http/Controllers/Resource/Playground/EditJsonTrait.php" line="38" class="Tests\Feature\Playground\Directory\Resource\Http\Controllers\Playground\LocationRouteTest" classname="Tests.Feature.Playground.Directory.Resource.Http.Controllers.Playground.LocationRouteTest" assertions="1" time="0.179428"/>
        <testcase name="test_json_admin_can_get_edit_info" file="/app/vendor/gammamatrix/playground-test/src/Feature/Http/Controllers/Resource/Playground/EditJsonTrait.php" line="58" class="Tests\Feature\Playground\Directory\Resource\Http\Controllers\Playground\LocationRouteTest" classname="Tests.Feature.Playground.Directory.Resource.Http.Controllers.Playground.LocationRouteTest" assertions="4" time="0.201197"/>
        <testcase name="test_json_edit_as_admin_and_fail_validation_with_invalid_parameter" file="/app/vendor/gammamatrix/playground-test/src/Feature/Http/Controllers/Resource/Playground/EditJsonTrait.php" line="87" class="Tests\Feature\Playground\Directory\Resource\Http\Controllers\Playground\LocationRouteTest" classname="Tests.Feature.Playground.Directory.Resource.Http.Controllers.Playground.LocationRouteTest" assertions="4" time="0.191438"/>
        <testcase name="test_guest_cannot_render_edit_view" file="/app/vendor/gammamatrix/playground-test/src/Feature/Http/Controllers/Resource/Playground/EditTrait.php" line="33" class="Tests\Feature\Playground\Directory\Resource\Http\Controllers\Playground\LocationRouteTest" classname="Tests.Feature.Playground.Directory.Resource.Http.Controllers.Playground.LocationRouteTest" assertions="1" time="0.179059"/>
        <testcase name="test_admin_can_render_edit_view" file="/app/vendor/gammamatrix/playground-test/src/Feature/Http/Controllers/Resource/Playground/EditTrait.php" line="53" class="Tests\Feature\Playground\Directory\Resource\Http\Controllers\Playground\LocationRouteTest" classname="Tests.Feature.Playground.Directory.Resource.Http.Controllers.Playground.LocationRouteTest" assertions="2" time="0.222782"/>
        <testcase name="test_admin_can_render_edit_view_with_return_url" file="/app/vendor/gammamatrix/playground-test/src/Feature/Http/Controllers/Resource/Playground/EditTrait.php" line="77" class="Tests\Feature\Playground\Directory\Resource\Http\Controllers\Playground\LocationRouteTest" classname="Tests.Feature.Playground.Directory.Resource.Http.Controllers.Playground.LocationRouteTest" assertions="3" time="0.217463"/>
        <testcase name="test_edit_view_as_admin_with_invalid_parameter_and_fail_validation_and_redirect" file="/app/vendor/gammamatrix/playground-test/src/Feature/Http/Controllers/Resource/Playground/EditTrait.php" line="109" class="Tests\Feature\Playground\Directory\Resource\Http\Controllers\Playground\LocationRouteTest" classname="Tests.Feature.Playground.Directory.Resource.Http.Controllers.Playground.LocationRouteTest" assertions="4" time="0.198116"/>
        <testcase name="test_json_guest_cannot_get_index" file="/app/vendor/gammamatrix/playground-test/src/Feature/Http/Controllers/Resource/Playground/IndexJsonTrait.php" line="34" class="Tests\Feature\Playground\Directory\Resource\Http\Controllers\Playground\LocationRouteTest" classname="Tests.Feature.Playground.Directory.Resource.Http.Controllers.Playground.LocationRouteTest" assertions="1" time="0.177934"/>
        <testcase name="test_json_admin_can_get_index" file="/app/vendor/gammamatrix/playground-test/src/Feature/Http/Controllers/Resource/Playground/IndexJsonTrait.php" line="49" class="Tests\Feature\Playground\Directory\Resource\Http\Controllers\Playground\LocationRouteTest" classname="Tests.Feature.Playground.Directory.Resource.Http.Controllers.Playground.LocationRouteTest" assertions="101" time="0.203482"/>
        <testcase name="test_json_admin_can_get_index_with_filters" file="/app/vendor/gammamatrix/playground-test/src/Feature/Http/Controllers/Resource/Playground/IndexJsonTrait.php" line="85" class="Tests\Feature\Playground\Directory\Resource\Http\Controllers\Playground\LocationRouteTest" classname="Tests.Feature.Playground.Directory.Resource.Http.Controllers.Playground.LocationRouteTest" assertions="3" time="0.204090"/>
        <testcase name="test_guest_cannot_render_index_view" file="/app/vendor/gammamatrix/playground-test/src/Feature/Http/Controllers/Resource/Playground/IndexTrait.php" line="29" class="Tests\Feature\Playground\Directory\Resource\Http\Controllers\Playground\LocationRouteTest" classname="Tests.Feature.Playground.Directory.Resource.Http.Controllers.Playground.LocationRouteTest" assertions="1" time="0.179058"/>
        <testcase name="test_admin_can_render_index_view" file="/app/vendor/gammamatrix/playground-test/src/Feature/Http/Controllers/Resource/Playground/IndexTrait.php" line="44" class="Tests\Feature\Playground\Directory\Resource\Http\Controllers\Playground\LocationRouteTest" classname="Tests.Feature.Playground.Directory.Resource.Http.Controllers.Playground.LocationRouteTest" assertions="2" time="0.309472"/>
        <testcase name="test_admin_can_render_index_view_with_filters" file="/app/vendor/gammamatrix/playground-test/src/Feature/Http/Controllers/Resource/Playground/IndexTrait.php" line="77" class="Tests\Feature\Playground\Directory\Resource\Http\Controllers\Playground\LocationRouteTest" classname="Tests.Feature.Playground.Directory.Resource.Http.Controllers.Playground.LocationRouteTest" assertions="3" time="0.221813"/>
        <testcase name="test_json_guest_cannot_lock" file="/app/vendor/gammamatrix/playground-test/src/Feature/Http/Controllers/Resource/Playground/LockJsonTrait.php" line="36" class="Tests\Feature\Playground\Directory\Resource\Http\Controllers\Playground\LocationRouteTest" classname="Tests.Feature.Playground.Directory.Resource.Http.Controllers.Playground.LocationRouteTest" assertions="3" time="0.180044"/>
        <testcase name="test_json_lock_as_admin_and_succeed" file="/app/vendor/gammamatrix/playground-test/src/Feature/Http/Controllers/Resource/Playground/LockJsonTrait.php" line="66" class="Tests\Feature\Playground\Directory\Resource\Http\Controllers\Playground\LocationRouteTest" classname="Tests.Feature.Playground.Directory.Resource.Http.Controllers.Playground.LocationRouteTest" assertions="3" time="0.199547"/>
        <testcase name="test_json_lock_as_admin_and_succeed_with_no_redirect" file="/app/vendor/gammamatrix/playground-test/src/Feature/Http/Controllers/Resource/Playground/LockJsonTrait.php" line="98" class="Tests\Feature\Playground\Directory\Resource\Http\Controllers\Playground\LocationRouteTest" classname="Tests.Feature.Playground.Directory.Resource.Http.Controllers.Playground.LocationRouteTest" assertions="96" time="0.202961"/>
        <testcase name="test_json_lock_as_user_and_get_denied" file="/app/vendor/gammamatrix/playground-test/src/Feature/Http/Controllers/Resource/Playground/LockJsonTrait.php" line="143" class="Tests\Feature\Playground\Directory\Resource\Http\Controllers\Playground\LocationRouteTest" classname="Tests.Feature.Playground.Directory.Resource.Http.Controllers.Playground.LocationRouteTest" assertions="3" time="0.199430"/>
        <testcase name="test_guest_cannot_lock" file="/app/vendor/gammamatrix/playground-test/src/Feature/Http/Controllers/Resource/Playground/LockTrait.php" line="31" class="Tests\Feature\Playground\Directory\Resource\Http\Controllers\Playground\LocationRouteTest" classname="Tests.Feature.Playground.Directory.Resource.Http.Controllers.Playground.LocationRouteTest" assertions="3" time="0.183647"/>
        <testcase name="test_lock_as_admin_and_succeed" file="/app/vendor/gammamatrix/playground-test/src/Feature/Http/Controllers/Resource/Playground/LockTrait.php" line="61" class="Tests\Feature\Playground\Directory\Resource\Http\Controllers\Playground\LocationRouteTest" classname="Tests.Feature.Playground.Directory.Resource.Http.Controllers.Playground.LocationRouteTest" assertions="4" time="0.196575"/>
        <testcase name="test_lock_as_admin_and_succeed_with_redirect_to_index_with_sorted_by_locked_desc" file="/app/vendor/gammamatrix/playground-test/src/Feature/Http/Controllers/Resource/Playground/LockTrait.php" line="95" class="Tests\Feature\Playground\Directory\Resource\Http\Controllers\Playground\LocationRouteTest" classname="Tests.Feature.Playground.Directory.Resource.Http.Controllers.Playground.LocationRouteTest" assertions="4" time="0.198291"/>
        <testcase name="test_lock_as_user_and_get_denied" file="/app/vendor/gammamatrix/playground-test/src/Feature/Http/Controllers/Resource/Playground/LockTrait.php" line="132" class="Tests\Feature\Playground\Directory\Resource\Http\Controllers\Playground\LocationRouteTest" classname="Tests.Feature.Playground.Directory.Resource.Http.Controllers.Playground.LocationRouteTest" assertions="3" time="0.202802"/>
        <testcase name="test_json_guest_cannot_restore" file="/app/vendor/gammamatrix/playground-test/src/Feature/Http/Controllers/Resource/Playground/RestoreJsonTrait.php" line="32" class="Tests\Feature\Playground\Directory\Resource\Http\Controllers\Playground\LocationRouteTest" classname="Tests.Feature.Playground.Directory.Resource.Http.Controllers.Playground.LocationRouteTest" assertions="3" time="0.186004"/>
        <testcase name="test_json_restore_as_admin_and_succeed" file="/app/vendor/gammamatrix/playground-test/src/Feature/Http/Controllers/Resource/Playground/RestoreJsonTrait.php" line="64" class="Tests\Feature\Playground\Directory\Resource\Http\Controllers\Playground\LocationRouteTest" classname="Tests.Feature.Playground.Directory.Resource.Http.Controllers.Playground.LocationRouteTest" assertions="96" time="0.205575"/>
        <testcase name="test_json_restore_as_admin_and_succeed_with_no_redirect" file="/app/vendor/gammamatrix/playground-test/src/Feature/Http/Controllers/Resource/Playground/RestoreJsonTrait.php" line="100" class="Tests\Feature\Playground\Directory\Resource\Http\Controllers\Playground\LocationRouteTest" classname="Tests.Feature.Playground.Directory.Resource.Http.Controllers.Playground.LocationRouteTest" assertions="96" time="0.210035"/>
        <testcase name="test_json_restore_as_user_and_get_denied" file="/app/vendor/gammamatrix/playground-test/src/Feature/Http/Controllers/Resource/Playground/RestoreJsonTrait.php" line="143" class="Tests\Feature\Playground\Directory\Resource\Http\Controllers\Playground\LocationRouteTest" classname="Tests.Feature.Playground.Directory.Resource.Http.Controllers.Playground.LocationRouteTest" assertions="3" time="0.192357"/>
        <testcase name="test_json_guest_cannot_restore_revision" file="/app/vendor/gammamatrix/playground-test/src/Feature/Http/Controllers/Resource/Playground/RestoreRevisionJsonTrait.php" line="43" class="Tests\Feature\Playground\Directory\Resource\Http\Controllers\Playground\LocationRouteTest" classname="Tests.Feature.Playground.Directory.Resource.Http.Controllers.Playground.LocationRouteTest" assertions="3" time="0.194625"/>
        <testcase name="test_json_restore_revision_as_admin_and_succeed" file="/app/vendor/gammamatrix/playground-test/src/Feature/Http/Controllers/Resource/Playground/RestoreRevisionJsonTrait.php" line="79" class="Tests\Feature\Playground\Directory\Resource\Http\Controllers\Playground\LocationRouteTest" classname="Tests.Feature.Playground.Directory.Resource.Http.Controllers.Playground.LocationRouteTest" assertions="96" time="0.316716"/>
        <testcase name="test_json_restore_revision_as_admin_and_succeed_without_redirect" file="/app/vendor/gammamatrix/playground-test/src/Feature/Http/Controllers/Resource/Playground/RestoreRevisionJsonTrait.php" line="119" class="Tests\Feature\Playground\Directory\Resource\Http\Controllers\Playground\LocationRouteTest" classname="Tests.Feature.Playground.Directory.Resource.Http.Controllers.Playground.LocationRouteTest" assertions="96" time="0.263121"/>
        <testcase name="test_json_restore_revision_as_user_and_get_denied" file="/app/vendor/gammamatrix/playground-test/src/Feature/Http/Controllers/Resource/Playground/RestoreRevisionJsonTrait.php" line="171" class="Tests\Feature\Playground\Directory\Resource\Http\Controllers\Playground\LocationRouteTest" classname="Tests.Feature.Playground.Directory.Resource.Http.Controllers.Playground.LocationRouteTest" assertions="3" time="0.203862"/>
        <testcase name="test_guest_cannot_restore_revision" file="/app/vendor/gammamatrix/playground-test/src/Feature/Http/Controllers/Resource/Playground/RestoreRevisionTrait.php" line="38" class="Tests\Feature\Playground\Directory\Resource\Http\Controllers\Playground\LocationRouteTest" classname="Tests.Feature.Playground.Directory.Resource.Http.Controllers.Playground.LocationRouteTest" assertions="3" time="0.199676"/>
        <testcase name="test_restore_revision_as_admin_and_succeed" file="/app/vendor/gammamatrix/playground-test/src/Feature/Http/Controllers/Resource/Playground/RestoreRevisionTrait.php" line="74" class="Tests\Feature\Playground\Directory\Resource\Http\Controllers\Playground\LocationRouteTest" classname="Tests.Feature.Playground.Directory.Resource.Http.Controllers.Playground.LocationRouteTest" assertions="4" time="0.262839"/>
        <testcase name="test_restore_revision_as_admin_and_succeed_with_redirect_to_index_with_only_trash" file="/app/vendor/gammamatrix/playground-test/src/Feature/Http/Controllers/Resource/Playground/RestoreRevisionTrait.php" line="114" class="Tests\Feature\Playground\Directory\Resource\Http\Controllers\Playground\LocationRouteTest" classname="Tests.Feature.Playground.Directory.Resource.Http.Controllers.Playground.LocationRouteTest" assertions="4" time="0.256250"/>
        <testcase name="test_restore_revision_as_user_and_get_denied" file="/app/vendor/gammamatrix/playground-test/src/Feature/Http/Controllers/Resource/Playground/RestoreRevisionTrait.php" line="164" class="Tests\Feature\Playground\Directory\Resource\Http\Controllers\Playground\LocationRouteTest" classname="Tests.Feature.Playground.Directory.Resource.Http.Controllers.Playground.LocationRouteTest" assertions="3" time="0.204708"/>
        <testcase name="test_guest_cannot_restore" file="/app/vendor/gammamatrix/playground-test/src/Feature/Http/Controllers/Resource/Playground/RestoreTrait.php" line="32" class="Tests\Feature\Playground\Directory\Resource\Http\Controllers\Playground\LocationRouteTest" classname="Tests.Feature.Playground.Directory.Resource.Http.Controllers.Playground.LocationRouteTest" assertions="3" time="0.187379"/>
        <testcase name="test_restore_as_admin_and_succeed" file="/app/vendor/gammamatrix/playground-test/src/Feature/Http/Controllers/Resource/Playground/RestoreTrait.php" line="64" class="Tests\Feature\Playground\Directory\Resource\Http\Controllers\Playground\LocationRouteTest" classname="Tests.Feature.Playground.Directory.Resource.Http.Controllers.Playground.LocationRouteTest" assertions="4" time="0.201815"/>
        <testcase name="test_restore_as_admin_and_succeed_with_redirect_to_index_with_only_trash" file="/app/vendor/gammamatrix/playground-test/src/Feature/Http/Controllers/Resource/Playground/RestoreTrait.php" line="100" class="Tests\Feature\Playground\Directory\Resource\Http\Controllers\Playground\LocationRouteTest" classname="Tests.Feature.Playground.Directory.Resource.Http.Controllers.Playground.LocationRouteTest" assertions="4" time="0.200056"/>
        <testcase name="test_restore_as_user_and_get_denied" file="/app/vendor/gammamatrix/playground-test/src/Feature/Http/Controllers/Resource/Playground/RestoreTrait.php" line="146" class="Tests\Feature\Playground\Directory\Resource\Http\Controllers\Playground\LocationRouteTest" classname="Tests.Feature.Playground.Directory.Resource.Http.Controllers.Playground.LocationRouteTest" assertions="3" time="0.201164"/>
        <testcase name="test_json_guest_cannot_render_revision_view" file="/app/vendor/gammamatrix/playground-test/src/Feature/Http/Controllers/Resource/Playground/RevisionJsonTrait.php" line="38" class="Tests\Feature\Playground\Directory\Resource\Http\Controllers\Playground\LocationRouteTest" classname="Tests.Feature.Playground.Directory.Resource.Http.Controllers.Playground.LocationRouteTest" assertions="2" time="0.210897"/>
        <testcase name="test_json_admin_can_get_revision_info" file="/app/vendor/gammamatrix/playground-test/src/Feature/Http/Controllers/Resource/Playground/RevisionJsonTrait.php" line="69" class="Tests\Feature\Playground\Directory\Resource\Http\Controllers\Playground\LocationRouteTest" classname="Tests.Feature.Playground.Directory.Resource.Http.Controllers.Playground.LocationRouteTest" assertions="95" time="0.218349"/>
        <testcase name="test_json_guest_cannot_get_revisions" file="/app/vendor/gammamatrix/playground-test/src/Feature/Http/Controllers/Resource/Playground/RevisionsJsonTrait.php" line="34" class="Tests\Feature\Playground\Directory\Resource\Http\Controllers\Playground\LocationRouteTest" classname="Tests.Feature.Playground.Directory.Resource.Http.Controllers.Playground.LocationRouteTest" assertions="2" time="0.264364"/>
        <testcase name="test_json_admin_can_get_revisions" file="/app/vendor/gammamatrix/playground-test/src/Feature/Http/Controllers/Resource/Playground/RevisionsJsonTrait.php" line="63" class="Tests\Feature\Playground\Directory\Resource\Http\Controllers\Playground\LocationRouteTest" classname="Tests.Feature.Playground.Directory.Resource.Http.Controllers.Playground.LocationRouteTest" assertions="2" time="0.225510"/>
        <testcase name="test_json_admin_can_get_revisions_with_filters" file="/app/vendor/gammamatrix/playground-test/src/Feature/Http/Controllers/Resource/Playground/RevisionsJsonTrait.php" line="104" class="Tests\Feature\Playground\Directory\Resource\Http\Controllers\Playground\LocationRouteTest" classname="Tests.Feature.Playground.Directory.Resource.Http.Controllers.Playground.LocationRouteTest" assertions="102" time="0.223062"/>
        <testcase name="test_guest_cannot_render_revisions_view" file="/app/vendor/gammamatrix/playground-test/src/Feature/Http/Controllers/Resource/Playground/RevisionsTrait.php" line="34" class="Tests\Feature\Playground\Directory\Resource\Http\Controllers\Playground\LocationRouteTest" classname="Tests.Feature.Playground.Directory.Resource.Http.Controllers.Playground.LocationRouteTest" assertions="2" time="0.199659"/>
        <testcase name="test_admin_can_render_revisions_view" file="/app/vendor/gammamatrix/playground-test/src/Feature/Http/Controllers/Resource/Playground/RevisionsTrait.php" line="63" class="Tests\Feature\Playground\Directory\Resource\Http\Controllers\Playground\LocationRouteTest" classname="Tests.Feature.Playground.Directory.Resource.Http.Controllers.Playground.LocationRouteTest" assertions="2" time="0.255878"/>
        <testcase name="test_admin_can_render_revisions_view_with_filters" file="/app/vendor/gammamatrix/playground-test/src/Feature/Http/Controllers/Resource/Playground/RevisionsTrait.php" line="104" class="Tests\Feature\Playground\Directory\Resource\Http\Controllers\Playground\LocationRouteTest" classname="Tests.Feature.Playground.Directory.Resource.Http.Controllers.Playground.LocationRouteTest" assertions="3" time="0.246627"/>
        <testcase name="test_guest_cannot_render_revision_view" file="/app/vendor/gammamatrix/playground-test/src/Feature/Http/Controllers/Resource/Playground/RevisionTrait.php" line="38" class="Tests\Feature\Playground\Directory\Resource\Http\Controllers\Playground\LocationRouteTest" classname="Tests.Feature.Playground.Directory.Resource.Http.Controllers.Playground.LocationRouteTest" assertions="2" time="0.202429"/>
        <testcase name="test_revision_view_rendered_by_admin" file="/app/vendor/gammamatrix/playground-test/src/Feature/Http/Controllers/Resource/Playground/RevisionTrait.php" line="69" class="Tests\Feature\Playground\Directory\Resource\Http\Controllers\Playground\LocationRouteTest" classname="Tests.Feature.Playground.Directory.Resource.Http.Controllers.Playground.LocationRouteTest" assertions="2" time="0.236378"/>
        <testcase name="test_json_guest_cannot_see_info" file="/app/vendor/gammamatrix/playground-test/src/Feature/Http/Controllers/Resource/Playground/ShowJsonTrait.php" line="29" class="Tests\Feature\Playground\Directory\Resource\Http\Controllers\Playground\LocationRouteTest" classname="Tests.Feature.Playground.Directory.Resource.Http.Controllers.Playground.LocationRouteTest" assertions="1" time="0.192207"/>
        <testcase name="test_json_show_info_for_admin" file="/app/vendor/gammamatrix/playground-test/src/Feature/Http/Controllers/Resource/Playground/ShowJsonTrait.php" line="49" class="Tests\Feature\Playground\Directory\Resource\Http\Controllers\Playground\LocationRouteTest" classname="Tests.Feature.Playground.Directory.Resource.Http.Controllers.Playground.LocationRouteTest" assertions="95" time="0.216601"/>
        <testcase name="test_guest_cannot_render_show_view" file="/app/vendor/gammamatrix/playground-test/src/Feature/Http/Controllers/Resource/Playground/ShowTrait.php" line="29" class="Tests\Feature\Playground\Directory\Resource\Http\Controllers\Playground\LocationRouteTest" classname="Tests.Feature.Playground.Directory.Resource.Http.Controllers.Playground.LocationRouteTest" assertions="1" time="0.195618"/>
        <testcase name="test_show_view_rendered_by_admin" file="/app/vendor/gammamatrix/playground-test/src/Feature/Http/Controllers/Resource/Playground/ShowTrait.php" line="49" class="Tests\Feature\Playground\Directory\Resource\Http\Controllers\Playground\LocationRouteTest" classname="Tests.Feature.Playground.Directory.Resource.Http.Controllers.Playground.LocationRouteTest" assertions="2" time="0.214026"/>
        <testcase name="test_json_guest_cannot_store" file="/app/vendor/gammamatrix/playground-test/src/Feature/Http/Controllers/Resource/Playground/StoreJsonTrait.php" line="43" class="Tests\Feature\Playground\Directory\Resource\Http\Controllers\Playground\LocationRouteTest" classname="Tests.Feature.Playground.Directory.Resource.Http.Controllers.Playground.LocationRouteTest" assertions="3" time="0.191661"/>
        <testcase name="test_json_store_as_admin_without_payload_and_fail_validation" file="/app/vendor/gammamatrix/playground-test/src/Feature/Http/Controllers/Resource/Playground/StoreJsonTrait.php" line="66" class="Tests\Feature\Playground\Directory\Resource\Http\Controllers\Playground\LocationRouteTest" classname="Tests.Feature.Playground.Directory.Resource.Http.Controllers.Playground.LocationRouteTest" assertions="5" time="0.216238"/>
        <testcase name="test_json_store_as_admin_and_succeed" file="/app/vendor/gammamatrix/playground-test/src/Feature/Http/Controllers/Resource/Playground/StoreJsonTrait.php" line="92" class="Tests\Feature\Playground\Directory\Resource\Http\Controllers\Playground\LocationRouteTest" classname="Tests.Feature.Playground.Directory.Resource.Http.Controllers.Playground.LocationRouteTest" assertions="3" time="0.261264"/>
        <testcase name="test_guest_cannot_store" file="/app/vendor/gammamatrix/playground-test/src/Feature/Http/Controllers/Resource/Playground/StoreTrait.php" line="38" class="Tests\Feature\Playground\Directory\Resource\Http\Controllers\Playground\LocationRouteTest" classname="Tests.Feature.Playground.Directory.Resource.Http.Controllers.Playground.LocationRouteTest" assertions="3" time="0.186383"/>
        <testcase name="test_store_as_admin_without_payload_and_fail_validation" file="/app/vendor/gammamatrix/playground-test/src/Feature/Http/Controllers/Resource/Playground/StoreTrait.php" line="61" class="Tests\Feature\Playground\Directory\Resource\Http\Controllers\Playground\LocationRouteTest" classname="Tests.Feature.Playground.Directory.Resource.Http.Controllers.Playground.LocationRouteTest" assertions="5" time="0.199038"/>
        <testcase name="test_store_as_admin_and_succeed" file="/app/vendor/gammamatrix/playground-test/src/Feature/Http/Controllers/Resource/Playground/StoreTrait.php" line="90" class="Tests\Feature\Playground\Directory\Resource\Http\Controllers\Playground\LocationRouteTest" classname="Tests.Feature.Playground.Directory.Resource.Http.Controllers.Playground.LocationRouteTest" assertions="4" time="0.226771"/>
        <testcase name="test_store_as_admin_and_succeed_with_return_url" file="/app/vendor/gammamatrix/playground-test/src/Feature/Http/Controllers/Resource/Playground/StoreTrait.php" line="135" class="Tests\Feature\Playground\Directory\Resource\Http\Controllers\Playground\LocationRouteTest" classname="Tests.Feature.Playground.Directory.Resource.Http.Controllers.Playground.LocationRouteTest" assertions="4" time="0.236435"/>
        <testcase name="test_json_guest_cannot_unlock" file="/app/vendor/gammamatrix/playground-test/src/Feature/Http/Controllers/Resource/Playground/UnlockJsonTrait.php" line="36" class="Tests\Feature\Playground\Directory\Resource\Http\Controllers\Playground\LocationRouteTest" classname="Tests.Feature.Playground.Directory.Resource.Http.Controllers.Playground.LocationRouteTest" assertions="3" time="0.202034"/>
        <testcase name="test_json_unlock_as_admin_and_succeed" file="/app/vendor/gammamatrix/playground-test/src/Feature/Http/Controllers/Resource/Playground/UnlockJsonTrait.php" line="68" class="Tests\Feature\Playground\Directory\Resource\Http\Controllers\Playground\LocationRouteTest" classname="Tests.Feature.Playground.Directory.Resource.Http.Controllers.Playground.LocationRouteTest" assertions="96" time="0.211094"/>
        <testcase name="test_json_unlock_as_admin_and_succeed_with_no_redirect" file="/app/vendor/gammamatrix/playground-test/src/Feature/Http/Controllers/Resource/Playground/UnlockJsonTrait.php" line="104" class="Tests\Feature\Playground\Directory\Resource\Http\Controllers\Playground\LocationRouteTest" classname="Tests.Feature.Playground.Directory.Resource.Http.Controllers.Playground.LocationRouteTest" assertions="96" time="0.212182"/>
        <testcase name="test_json_unlock_as_user_and_get_denied" file="/app/vendor/gammamatrix/playground-test/src/Feature/Http/Controllers/Resource/Playground/UnlockJsonTrait.php" line="145" class="Tests\Feature\Playground\Directory\Resource\Http\Controllers\Playground\LocationRouteTest" classname="Tests.Feature.Playground.Directory.Resource.Http.Controllers.Playground.LocationRouteTest" assertions="3" time="0.202563"/>
        <testcase name="test_guest_cannot_unlock" file="/app/vendor/gammamatrix/playground-test/src/Feature/Http/Controllers/Resource/Playground/UnlockTrait.php" line="36" class="Tests\Feature\Playground\Directory\Resource\Http\Controllers\Playground\LocationRouteTest" classname="Tests.Feature.Playground.Directory.Resource.Http.Controllers.Playground.LocationRouteTest" assertions="3" time="0.207562"/>
        <testcase name="test_unlock_as_admin_and_succeed" file="/app/vendor/gammamatrix/playground-test/src/Feature/Http/Controllers/Resource/Playground/UnlockTrait.php" line="68" class="Tests\Feature\Playground\Directory\Resource\Http\Controllers\Playground\LocationRouteTest" classname="Tests.Feature.Playground.Directory.Resource.Http.Controllers.Playground.LocationRouteTest" assertions="4" time="0.207128"/>
        <testcase name="test_unlock_as_admin_and_succeed_with_redirect_to_index_with_sorted_by_unlocked_desc" file="/app/vendor/gammamatrix/playground-test/src/Feature/Http/Controllers/Resource/Playground/UnlockTrait.php" line="109" class="Tests\Feature\Playground\Directory\Resource\Http\Controllers\Playground\LocationRouteTest" classname="Tests.Feature.Playground.Directory.Resource.Http.Controllers.Playground.LocationRouteTest" assertions="4" time="0.207986"/>
        <testcase name="test_unlock_as_user_and_get_denied" file="/app/vendor/gammamatrix/playground-test/src/Feature/Http/Controllers/Resource/Playground/UnlockTrait.php" line="148" class="Tests\Feature\Playground\Directory\Resource\Http\Controllers\Playground\LocationRouteTest" classname="Tests.Feature.Playground.Directory.Resource.Http.Controllers.Playground.LocationRouteTest" assertions="3" time="0.200451"/>
        <testcase name="test_json_guest_cannot_update" file="/app/vendor/gammamatrix/playground-test/src/Feature/Http/Controllers/Resource/Playground/UpdateJsonTrait.php" line="45" class="Tests\Feature\Playground\Directory\Resource\Http\Controllers\Playground\LocationRouteTest" classname="Tests.Feature.Playground.Directory.Resource.Http.Controllers.Playground.LocationRouteTest" assertions="1" time="0.192849"/>
        <testcase name="test_json_update_as_admin_without_payload_and_fail_validation" file="/app/vendor/gammamatrix/playground-test/src/Feature/Http/Controllers/Resource/Playground/UpdateJsonTrait.php" line="65" class="Tests\Feature\Playground\Directory\Resource\Http\Controllers\Playground\LocationRouteTest" classname="Tests.Feature.Playground.Directory.Resource.Http.Controllers.Playground.LocationRouteTest" assertions="4" time="0.216148"/>
        <testcase name="test_json_admin_can_update" file="/app/vendor/gammamatrix/playground-test/src/Feature/Http/Controllers/Resource/Playground/UpdateJsonTrait.php" line="90" class="Tests\Feature\Playground\Directory\Resource\Http\Controllers\Playground\LocationRouteTest" classname="Tests.Feature.Playground.Directory.Resource.Http.Controllers.Playground.LocationRouteTest" assertions="98" time="0.277506"/>
        <testcase name="test_guest_cannot_update" file="/app/vendor/gammamatrix/playground-test/src/Feature/Http/Controllers/Resource/Playground/UpdateTrait.php" line="45" class="Tests\Feature\Playground\Directory\Resource\Http\Controllers\Playground\LocationRouteTest" classname="Tests.Feature.Playground.Directory.Resource.Http.Controllers.Playground.LocationRouteTest" assertions="1" time="0.196250"/>
        <testcase name="test_update_as_admin_without_payload_and_fail_validation" file="/app/vendor/gammamatrix/playground-test/src/Feature/Http/Controllers/Resource/Playground/UpdateTrait.php" line="65" class="Tests\Feature\Playground\Directory\Resource\Http\Controllers\Playground\LocationRouteTest" classname="Tests.Feature.Playground.Directory.Resource.Http.Controllers.Playground.LocationRouteTest" assertions="4" time="0.211017"/>
        <testcase name="test_admin_can_update" file="/app/vendor/gammamatrix/playground-test/src/Feature/Http/Controllers/Resource/Playground/UpdateTrait.php" line="90" class="Tests\Feature\Playground\Directory\Resource\Http\Controllers\Playground\LocationRouteTest" classname="Tests.Feature.Playground.Directory.Resource.Http.Controllers.Playground.LocationRouteTest" assertions="6" time="0.281135"/>
        <testcase name="test_admin_can_update_view_with_return_url" file="/app/vendor/gammamatrix/playground-test/src/Feature/Http/Controllers/Resource/Playground/UpdateTrait.php" line="133" class="Tests\Feature\Playground\Directory\Resource\Http\Controllers\Playground\LocationRouteTest" classname="Tests.Feature.Playground.Directory.Resource.Http.Controllers.Playground.LocationRouteTest" assertions="6" time="0.281724"/>
      </testsuite>
      <testsuite name="Tests\Feature\Playground\Directory\Resource\Http\Controllers\Playground\SublocationRouteTest" file="/app/tests/Feature/Http/Controllers/Playground/SublocationRouteTest.php" tests="91" assertions="1513" errors="0" failures="0" skipped="0" time="19.088813">
        <testcase name="test_json_guest_cannot_get_create_info" file="/app/vendor/gammamatrix/playground-test/src/Feature/Http/Controllers/Resource/Playground/CreateJsonTrait.php" line="38" class="Tests\Feature\Playground\Directory\Resource\Http\Controllers\Playground\SublocationRouteTest" classname="Tests.Feature.Playground.Directory.Resource.Http.Controllers.Playground.SublocationRouteTest" assertions="1" time="0.245613"/>
        <testcase name="test_json_admin_can_get_create_info" file="/app/vendor/gammamatrix/playground-test/src/Feature/Http/Controllers/Resource/Playground/CreateJsonTrait.php" line="53" class="Tests\Feature\Playground\Directory\Resource\Http\Controllers\Playground\SublocationRouteTest" classname="Tests.Feature.Playground.Directory.Resource.Http.Controllers.Playground.SublocationRouteTest" assertions="95" time="0.190929"/>
        <testcase name="test_json_get_create_info_as_admin_with_invalid_parameter_and_fail_validation" file="/app/vendor/gammamatrix/playground-test/src/Feature/Http/Controllers/Resource/Playground/CreateJsonTrait.php" line="73" class="Tests\Feature\Playground\Directory\Resource\Http\Controllers\Playground\SublocationRouteTest" classname="Tests.Feature.Playground.Directory.Resource.Http.Controllers.Playground.SublocationRouteTest" assertions="4" time="0.183694"/>
        <testcase name="test_guest_cannot_render_create_view" file="/app/vendor/gammamatrix/playground-test/src/Feature/Http/Controllers/Resource/Playground/CreateTrait.php" line="33" class="Tests\Feature\Playground\Directory\Resource\Http\Controllers\Playground\SublocationRouteTest" classname="Tests.Feature.Playground.Directory.Resource.Http.Controllers.Playground.SublocationRouteTest" assertions="1" time="0.170733"/>
        <testcase name="test_admin_can_render_create_view" file="/app/vendor/gammamatrix/playground-test/src/Feature/Http/Controllers/Resource/Playground/CreateTrait.php" line="47" class="Tests\Feature\Playground\Directory\Resource\Http\Controllers\Playground\SublocationRouteTest" classname="Tests.Feature.Playground.Directory.Resource.Http.Controllers.Playground.SublocationRouteTest" assertions="2" time="0.229526"/>
        <testcase name="test_admin_can_render_create_view_with_return_url" file="/app/vendor/gammamatrix/playground-test/src/Feature/Http/Controllers/Resource/Playground/CreateTrait.php" line="65" class="Tests\Feature\Playground\Directory\Resource\Http\Controllers\Playground\SublocationRouteTest" classname="Tests.Feature.Playground.Directory.Resource.Http.Controllers.Playground.SublocationRouteTest" assertions="3" time="0.205263"/>
        <testcase name="test_create_view_as_admin_with_invalid_parameter_and_fail_validation_and_redirect" file="/app/vendor/gammamatrix/playground-test/src/Feature/Http/Controllers/Resource/Playground/CreateTrait.php" line="92" class="Tests\Feature\Playground\Directory\Resource\Http\Controllers\Playground\SublocationRouteTest" classname="Tests.Feature.Playground.Directory.Resource.Http.Controllers.Playground.SublocationRouteTest" assertions="5" time="0.185640"/>
        <testcase name="test_json_guest_cannot_destroy" file="/app/vendor/gammamatrix/playground-test/src/Feature/Http/Controllers/Resource/Playground/DestroyJsonTrait.php" line="31" class="Tests\Feature\Playground\Directory\Resource\Http\Controllers\Playground\SublocationRouteTest" classname="Tests.Feature.Playground.Directory.Resource.Http.Controllers.Playground.SublocationRouteTest" assertions="3" time="0.178726"/>
        <testcase name="test_json_destroy_as_admin_and_succeed" file="/app/vendor/gammamatrix/playground-test/src/Feature/Http/Controllers/Resource/Playground/DestroyJsonTrait.php" line="61" class="Tests\Feature\Playground\Directory\Resource\Http\Controllers\Playground\SublocationRouteTest" classname="Tests.Feature.Playground.Directory.Resource.Http.Controllers.Playground.SublocationRouteTest" assertions="5" time="0.191965"/>
        <testcase name="test_json_destroy_as_admin_and_succeed_with_force_delete" file="/app/vendor/gammamatrix/playground-test/src/Feature/Http/Controllers/Resource/Playground/DestroyJsonTrait.php" line="100" class="Tests\Feature\Playground\Directory\Resource\Http\Controllers\Playground\SublocationRouteTest" classname="Tests.Feature.Playground.Directory.Resource.Http.Controllers.Playground.SublocationRouteTest" assertions="4" time="0.187666"/>
        <testcase name="test_json_destroy_as_admin_and_succeed_with_no_content" file="/app/vendor/gammamatrix/playground-test/src/Feature/Http/Controllers/Resource/Playground/DestroyJsonTrait.php" line="132" class="Tests\Feature\Playground\Directory\Resource\Http\Controllers\Playground\SublocationRouteTest" classname="Tests.Feature.Playground.Directory.Resource.Http.Controllers.Playground.SublocationRouteTest" assertions="5" time="0.186287"/>
        <testcase name="test_json_destroy_as_admin_and_succeed_and_ignore_redirect" file="/app/vendor/gammamatrix/playground-test/src/Feature/Http/Controllers/Resource/Playground/DestroyJsonTrait.php" line="167" class="Tests\Feature\Playground\Directory\Resource\Http\Controllers\Playground\SublocationRouteTest" classname="Tests.Feature.Playground.Directory.Resource.Http.Controllers.Playground.SublocationRouteTest" assertions="5" time="0.190205"/>
        <testcase name="test_json_destroy_as_user_and_get_denied_and_no_force_delete_allowed" file="/app/vendor/gammamatrix/playground-test/src/Feature/Http/Controllers/Resource/Playground/DestroyJsonTrait.php" line="209" class="Tests\Feature\Playground\Directory\Resource\Http\Controllers\Playground\SublocationRouteTest" classname="Tests.Feature.Playground.Directory.Resource.Http.Controllers.Playground.SublocationRouteTest" assertions="3" time="0.188004"/>
        <testcase name="test_guest_cannot_destroy" file="/app/vendor/gammamatrix/playground-test/src/Feature/Http/Controllers/Resource/Playground/DestroyTrait.php" line="31" class="Tests\Feature\Playground\Directory\Resource\Http\Controllers\Playground\SublocationRouteTest" classname="Tests.Feature.Playground.Directory.Resource.Http.Controllers.Playground.SublocationRouteTest" assertions="3" time="0.194545"/>
        <testcase name="test_destroy_as_admin_and_succeed" file="/app/vendor/gammamatrix/playground-test/src/Feature/Http/Controllers/Resource/Playground/DestroyTrait.php" line="61" class="Tests\Feature\Playground\Directory\Resource\Http\Controllers\Playground\SublocationRouteTest" classname="Tests.Feature.Playground.Directory.Resource.Http.Controllers.Playground.SublocationRouteTest" assertions="5" time="0.189819"/>
        <testcase name="test_destroy_as_admin_and_succeed_with_force_delete" file="/app/vendor/gammamatrix/playground-test/src/Feature/Http/Controllers/Resource/Playground/DestroyTrait.php" line="97" class="Tests\Feature\Playground\Directory\Resource\Http\Controllers\Playground\SublocationRouteTest" classname="Tests.Feature.Playground.Directory.Resource.Http.Controllers.Playground.SublocationRouteTest" assertions="4" time="0.187313"/>
        <testcase name="test_destroy_as_admin_and_succeed_with_redirect_to_index_with_trash" file="/app/vendor/gammamatrix/playground-test/src/Feature/Http/Controllers/Resource/Playground/DestroyTrait.php" line="129" class="Tests\Feature\Playground\Directory\Resource\Http\Controllers\Playground\SublocationRouteTest" classname="Tests.Feature.Playground.Directory.Resource.Http.Controllers.Playground.SublocationRouteTest" assertions="5" time="0.192542"/>
        <testcase name="test_destroy_as_user_and_get_denied_and_no_force_delete_allowed" file="/app/vendor/gammamatrix/playground-test/src/Feature/Http/Controllers/Resource/Playground/DestroyTrait.php" line="171" class="Tests\Feature\Playground\Directory\Resource\Http\Controllers\Playground\SublocationRouteTest" classname="Tests.Feature.Playground.Directory.Resource.Http.Controllers.Playground.SublocationRouteTest" assertions="3" time="0.193184"/>
        <testcase name="test_json_guest_cannot_get_edit_info" file="/app/vendor/gammamatrix/playground-test/src/Feature/Http/Controllers/Resource/Playground/EditJsonTrait.php" line="38" class="Tests\Feature\Playground\Directory\Resource\Http\Controllers\Playground\SublocationRouteTest" classname="Tests.Feature.Playground.Directory.Resource.Http.Controllers.Playground.SublocationRouteTest" assertions="1" time="0.186705"/>
        <testcase name="test_json_admin_can_get_edit_info" file="/app/vendor/gammamatrix/playground-test/src/Feature/Http/Controllers/Resource/Playground/EditJsonTrait.php" line="58" class="Tests\Feature\Playground\Directory\Resource\Http\Controllers\Playground\SublocationRouteTest" classname="Tests.Feature.Playground.Directory.Resource.Http.Controllers.Playground.SublocationRouteTest" assertions="4" time="0.204186"/>
        <testcase name="test_json_edit_as_admin_and_fail_validation_with_invalid_parameter" file="/app/vendor/gammamatrix/playground-test/src/Feature/Http/Controllers/Resource/Playground/EditJsonTrait.php" line="87" class="Tests\Feature\Playground\Directory\Resource\Http\Controllers\Playground\SublocationRouteTest" classname="Tests.Feature.Playground.Directory.Resource.Http.Controllers.Playground.SublocationRouteTest" assertions="4" time="0.198343"/>
        <testcase name="test_guest_cannot_render_edit_view" file="/app/vendor/gammamatrix/playground-test/src/Feature/Http/Controllers/Resource/Playground/EditTrait.php" line="33" class="Tests\Feature\Playground\Directory\Resource\Http\Controllers\Playground\SublocationRouteTest" classname="Tests.Feature.Playground.Directory.Resource.Http.Controllers.Playground.SublocationRouteTest" assertions="1" time="0.181234"/>
        <testcase name="test_admin_can_render_edit_view" file="/app/vendor/gammamatrix/playground-test/src/Feature/Http/Controllers/Resource/Playground/EditTrait.php" line="53" class="Tests\Feature\Playground\Directory\Resource\Http\Controllers\Playground\SublocationRouteTest" classname="Tests.Feature.Playground.Directory.Resource.Http.Controllers.Playground.SublocationRouteTest" assertions="2" time="0.238534"/>
        <testcase name="test_admin_can_render_edit_view_with_return_url" file="/app/vendor/gammamatrix/playground-test/src/Feature/Http/Controllers/Resource/Playground/EditTrait.php" line="77" class="Tests\Feature\Playground\Directory\Resource\Http\Controllers\Playground\SublocationRouteTest" classname="Tests.Feature.Playground.Directory.Resource.Http.Controllers.Playground.SublocationRouteTest" assertions="3" time="0.230011"/>
        <testcase name="test_edit_view_as_admin_with_invalid_parameter_and_fail_validation_and_redirect" file="/app/vendor/gammamatrix/playground-test/src/Feature/Http/Controllers/Resource/Playground/EditTrait.php" line="109" class="Tests\Feature\Playground\Directory\Resource\Http\Controllers\Playground\SublocationRouteTest" classname="Tests.Feature.Playground.Directory.Resource.Http.Controllers.Playground.SublocationRouteTest" assertions="4" time="0.197516"/>
        <testcase name="test_json_guest_cannot_get_index" file="/app/vendor/gammamatrix/playground-test/src/Feature/Http/Controllers/Resource/Playground/IndexJsonTrait.php" line="34" class="Tests\Feature\Playground\Directory\Resource\Http\Controllers\Playground\SublocationRouteTest" classname="Tests.Feature.Playground.Directory.Resource.Http.Controllers.Playground.SublocationRouteTest" assertions="1" time="0.178219"/>
        <testcase name="test_json_admin_can_get_index" file="/app/vendor/gammamatrix/playground-test/src/Feature/Http/Controllers/Resource/Playground/IndexJsonTrait.php" line="49" class="Tests\Feature\Playground\Directory\Resource\Http\Controllers\Playground\SublocationRouteTest" classname="Tests.Feature.Playground.Directory.Resource.Http.Controllers.Playground.SublocationRouteTest" assertions="102" time="0.206608"/>
        <testcase name="test_json_admin_can_get_index_with_filters" file="/app/vendor/gammamatrix/playground-test/src/Feature/Http/Controllers/Resource/Playground/IndexJsonTrait.php" line="85" class="Tests\Feature\Playground\Directory\Resource\Http\Controllers\Playground\SublocationRouteTest" classname="Tests.Feature.Playground.Directory.Resource.Http.Controllers.Playground.SublocationRouteTest" assertions="3" time="0.206081"/>
        <testcase name="test_guest_cannot_render_index_view" file="/app/vendor/gammamatrix/playground-test/src/Feature/Http/Controllers/Resource/Playground/IndexTrait.php" line="29" class="Tests\Feature\Playground\Directory\Resource\Http\Controllers\Playground\SublocationRouteTest" classname="Tests.Feature.Playground.Directory.Resource.Http.Controllers.Playground.SublocationRouteTest" assertions="1" time="0.187480"/>
        <testcase name="test_admin_can_render_index_view" file="/app/vendor/gammamatrix/playground-test/src/Feature/Http/Controllers/Resource/Playground/IndexTrait.php" line="44" class="Tests\Feature\Playground\Directory\Resource\Http\Controllers\Playground\SublocationRouteTest" classname="Tests.Feature.Playground.Directory.Resource.Http.Controllers.Playground.SublocationRouteTest" assertions="2" time="0.239573"/>
        <testcase name="test_admin_can_render_index_view_with_filters" file="/app/vendor/gammamatrix/playground-test/src/Feature/Http/Controllers/Resource/Playground/IndexTrait.php" line="77" class="Tests\Feature\Playground\Directory\Resource\Http\Controllers\Playground\SublocationRouteTest" classname="Tests.Feature.Playground.Directory.Resource.Http.Controllers.Playground.SublocationRouteTest" assertions="3" time="0.220064"/>
        <testcase name="test_json_guest_cannot_lock" file="/app/vendor/gammamatrix/playground-test/src/Feature/Http/Controllers/Resource/Playground/LockJsonTrait.php" line="36" class="Tests\Feature\Playground\Directory\Resource\Http\Controllers\Playground\SublocationRouteTest" classname="Tests.Feature.Playground.Directory.Resource.Http.Controllers.Playground.SublocationRouteTest" assertions="3" time="0.181221"/>
        <testcase name="test_json_lock_as_admin_and_succeed" file="/app/vendor/gammamatrix/playground-test/src/Feature/Http/Controllers/Resource/Playground/LockJsonTrait.php" line="66" class="Tests\Feature\Playground\Directory\Resource\Http\Controllers\Playground\SublocationRouteTest" classname="Tests.Feature.Playground.Directory.Resource.Http.Controllers.Playground.SublocationRouteTest" assertions="3" time="0.205647"/>
        <testcase name="test_json_lock_as_admin_and_succeed_with_no_redirect" file="/app/vendor/gammamatrix/playground-test/src/Feature/Http/Controllers/Resource/Playground/LockJsonTrait.php" line="98" class="Tests\Feature\Playground\Directory\Resource\Http\Controllers\Playground\SublocationRouteTest" classname="Tests.Feature.Playground.Directory.Resource.Http.Controllers.Playground.SublocationRouteTest" assertions="97" time="0.208257"/>
        <testcase name="test_json_lock_as_user_and_get_denied" file="/app/vendor/gammamatrix/playground-test/src/Feature/Http/Controllers/Resource/Playground/LockJsonTrait.php" line="143" class="Tests\Feature\Playground\Directory\Resource\Http\Controllers\Playground\SublocationRouteTest" classname="Tests.Feature.Playground.Directory.Resource.Http.Controllers.Playground.SublocationRouteTest" assertions="3" time="0.190400"/>
        <testcase name="test_guest_cannot_lock" file="/app/vendor/gammamatrix/playground-test/src/Feature/Http/Controllers/Resource/Playground/LockTrait.php" line="31" class="Tests\Feature\Playground\Directory\Resource\Http\Controllers\Playground\SublocationRouteTest" classname="Tests.Feature.Playground.Directory.Resource.Http.Controllers.Playground.SublocationRouteTest" assertions="3" time="0.182166"/>
        <testcase name="test_lock_as_admin_and_succeed" file="/app/vendor/gammamatrix/playground-test/src/Feature/Http/Controllers/Resource/Playground/LockTrait.php" line="61" class="Tests\Feature\Playground\Directory\Resource\Http\Controllers\Playground\SublocationRouteTest" classname="Tests.Feature.Playground.Directory.Resource.Http.Controllers.Playground.SublocationRouteTest" assertions="4" time="0.210151"/>
        <testcase name="test_lock_as_admin_and_succeed_with_redirect_to_index_with_sorted_by_locked_desc" file="/app/vendor/gammamatrix/playground-test/src/Feature/Http/Controllers/Resource/Playground/LockTrait.php" line="95" class="Tests\Feature\Playground\Directory\Resource\Http\Controllers\Playground\SublocationRouteTest" classname="Tests.Feature.Playground.Directory.Resource.Http.Controllers.Playground.SublocationRouteTest" assertions="4" time="0.195220"/>
        <testcase name="test_lock_as_user_and_get_denied" file="/app/vendor/gammamatrix/playground-test/src/Feature/Http/Controllers/Resource/Playground/LockTrait.php" line="132" class="Tests\Feature\Playground\Directory\Resource\Http\Controllers\Playground\SublocationRouteTest" classname="Tests.Feature.Playground.Directory.Resource.Http.Controllers.Playground.SublocationRouteTest" assertions="3" time="0.203572"/>
        <testcase name="test_json_guest_cannot_restore" file="/app/vendor/gammamatrix/playground-test/src/Feature/Http/Controllers/Resource/Playground/RestoreJsonTrait.php" line="32" class="Tests\Feature\Playground\Directory\Resource\Http\Controllers\Playground\SublocationRouteTest" classname="Tests.Feature.Playground.Directory.Resource.Http.Controllers.Playground.SublocationRouteTest" assertions="3" time="0.185185"/>
        <testcase name="test_json_restore_as_admin_and_succeed" file="/app/vendor/gammamatrix/playground-test/src/Feature/Http/Controllers/Resource/Playground/RestoreJsonTrait.php" line="64" class="Tests\Feature\Playground\Directory\Resource\Http\Controllers\Playground\SublocationRouteTest" classname="Tests.Feature.Playground.Directory.Resource.Http.Controllers.Playground.SublocationRouteTest" assertions="97" time="0.204310"/>
        <testcase name="test_json_restore_as_admin_and_succeed_with_no_redirect" file="/app/vendor/gammamatrix/playground-test/src/Feature/Http/Controllers/Resource/Playground/RestoreJsonTrait.php" line="100" class="Tests\Feature\Playground\Directory\Resource\Http\Controllers\Playground\SublocationRouteTest" classname="Tests.Feature.Playground.Directory.Resource.Http.Controllers.Playground.SublocationRouteTest" assertions="97" time="0.203331"/>
        <testcase name="test_json_restore_as_user_and_get_denied" file="/app/vendor/gammamatrix/playground-test/src/Feature/Http/Controllers/Resource/Playground/RestoreJsonTrait.php" line="143" class="Tests\Feature\Playground\Directory\Resource\Http\Controllers\Playground\SublocationRouteTest" classname="Tests.Feature.Playground.Directory.Resource.Http.Controllers.Playground.SublocationRouteTest" assertions="3" time="0.196113"/>
        <testcase name="test_json_guest_cannot_restore_revision" file="/app/vendor/gammamatrix/playground-test/src/Feature/Http/Controllers/Resource/Playground/RestoreRevisionJsonTrait.php" line="43" class="Tests\Feature\Playground\Directory\Resource\Http\Controllers\Playground\SublocationRouteTest" classname="Tests.Feature.Playground.Directory.Resource.Http.Controllers.Playground.SublocationRouteTest" assertions="3" time="0.217650"/>
        <testcase name="test_json_restore_revision_as_admin_and_succeed" file="/app/vendor/gammamatrix/playground-test/src/Feature/Http/Controllers/Resource/Playground/RestoreRevisionJsonTrait.php" line="79" class="Tests\Feature\Playground\Directory\Resource\Http\Controllers\Playground\SublocationRouteTest" classname="Tests.Feature.Playground.Directory.Resource.Http.Controllers.Playground.SublocationRouteTest" assertions="97" time="0.259079"/>
        <testcase name="test_json_restore_revision_as_admin_and_succeed_without_redirect" file="/app/vendor/gammamatrix/playground-test/src/Feature/Http/Controllers/Resource/Playground/RestoreRevisionJsonTrait.php" line="119" class="Tests\Feature\Playground\Directory\Resource\Http\Controllers\Playground\SublocationRouteTest" classname="Tests.Feature.Playground.Directory.Resource.Http.Controllers.Playground.SublocationRouteTest" assertions="97" time="0.260535"/>
        <testcase name="test_json_restore_revision_as_user_and_get_denied" file="/app/vendor/gammamatrix/playground-test/src/Feature/Http/Controllers/Resource/Playground/RestoreRevisionJsonTrait.php" line="171" class="Tests\Feature\Playground\Directory\Resource\Http\Controllers\Playground\SublocationRouteTest" classname="Tests.Feature.Playground.Directory.Resource.Http.Controllers.Playground.SublocationRouteTest" assertions="3" time="0.203035"/>
        <testcase name="test_guest_cannot_restore_revision" file="/app/vendor/gammamatrix/playground-test/src/Feature/Http/Controllers/Resource/Playground/RestoreRevisionTrait.php" line="38" class="Tests\Feature\Playground\Directory\Resource\Http\Controllers\Playground\SublocationRouteTest" classname="Tests.Feature.Playground.Directory.Resource.Http.Controllers.Playground.SublocationRouteTest" assertions="3" time="0.198213"/>
        <testcase name="test_restore_revision_as_admin_and_succeed" file="/app/vendor/gammamatrix/playground-test/src/Feature/Http/Controllers/Resource/Playground/RestoreRevisionTrait.php" line="74" class="Tests\Feature\Playground\Directory\Resource\Http\Controllers\Playground\SublocationRouteTest" classname="Tests.Feature.Playground.Directory.Resource.Http.Controllers.Playground.SublocationRouteTest" assertions="4" time="0.265078"/>
        <testcase name="test_restore_revision_as_admin_and_succeed_with_redirect_to_index_with_only_trash" file="/app/vendor/gammamatrix/playground-test/src/Feature/Http/Controllers/Resource/Playground/RestoreRevisionTrait.php" line="114" class="Tests\Feature\Playground\Directory\Resource\Http\Controllers\Playground\SublocationRouteTest" classname="Tests.Feature.Playground.Directory.Resource.Http.Controllers.Playground.SublocationRouteTest" assertions="4" time="0.259231"/>
        <testcase name="test_restore_revision_as_user_and_get_denied" file="/app/vendor/gammamatrix/playground-test/src/Feature/Http/Controllers/Resource/Playground/RestoreRevisionTrait.php" line="164" class="Tests\Feature\Playground\Directory\Resource\Http\Controllers\Playground\SublocationRouteTest" classname="Tests.Feature.Playground.Directory.Resource.Http.Controllers.Playground.SublocationRouteTest" assertions="3" time="0.205802"/>
        <testcase name="test_guest_cannot_restore" file="/app/vendor/gammamatrix/playground-test/src/Feature/Http/Controllers/Resource/Playground/RestoreTrait.php" line="32" class="Tests\Feature\Playground\Directory\Resource\Http\Controllers\Playground\SublocationRouteTest" classname="Tests.Feature.Playground.Directory.Resource.Http.Controllers.Playground.SublocationRouteTest" assertions="3" time="0.185407"/>
        <testcase name="test_restore_as_admin_and_succeed" file="/app/vendor/gammamatrix/playground-test/src/Feature/Http/Controllers/Resource/Playground/RestoreTrait.php" line="64" class="Tests\Feature\Playground\Directory\Resource\Http\Controllers\Playground\SublocationRouteTest" classname="Tests.Feature.Playground.Directory.Resource.Http.Controllers.Playground.SublocationRouteTest" assertions="4" time="0.205761"/>
        <testcase name="test_restore_as_admin_and_succeed_with_redirect_to_index_with_only_trash" file="/app/vendor/gammamatrix/playground-test/src/Feature/Http/Controllers/Resource/Playground/RestoreTrait.php" line="100" class="Tests\Feature\Playground\Directory\Resource\Http\Controllers\Playground\SublocationRouteTest" classname="Tests.Feature.Playground.Directory.Resource.Http.Controllers.Playground.SublocationRouteTest" assertions="4" time="0.203861"/>
        <testcase name="test_restore_as_user_and_get_denied" file="/app/vendor/gammamatrix/playground-test/src/Feature/Http/Controllers/Resource/Playground/RestoreTrait.php" line="146" class="Tests\Feature\Playground\Directory\Resource\Http\Controllers\Playground\SublocationRouteTest" classname="Tests.Feature.Playground.Directory.Resource.Http.Controllers.Playground.SublocationRouteTest" assertions="3" time="0.200638"/>
        <testcase name="test_json_guest_cannot_render_revision_view" file="/app/vendor/gammamatrix/playground-test/src/Feature/Http/Controllers/Resource/Playground/RevisionJsonTrait.php" line="38" class="Tests\Feature\Playground\Directory\Resource\Http\Controllers\Playground\SublocationRouteTest" classname="Tests.Feature.Playground.Directory.Resource.Http.Controllers.Playground.SublocationRouteTest" assertions="2" time="0.199881"/>
        <testcase name="test_json_admin_can_get_revision_info" file="/app/vendor/gammamatrix/playground-test/src/Feature/Http/Controllers/Resource/Playground/RevisionJsonTrait.php" line="69" class="Tests\Feature\Playground\Directory\Resource\Http\Controllers\Playground\SublocationRouteTest" classname="Tests.Feature.Playground.Directory.Resource.Http.Controllers.Playground.SublocationRouteTest" assertions="96" time="0.224085"/>
        <testcase name="test_json_guest_cannot_get_revisions" file="/app/vendor/gammamatrix/playground-test/src/Feature/Http/Controllers/Resource/Playground/RevisionsJsonTrait.php" line="34" class="Tests\Feature\Playground\Directory\Resource\Http\Controllers\Playground\SublocationRouteTest" classname="Tests.Feature.Playground.Directory.Resource.Http.Controllers.Playground.SublocationRouteTest" assertions="2" time="0.272954"/>
        <testcase name="test_json_admin_can_get_revisions" file="/app/vendor/gammamatrix/playground-test/src/Feature/Http/Controllers/Resource/Playground/RevisionsJsonTrait.php" line="63" class="Tests\Feature\Playground\Directory\Resource\Http\Controllers\Playground\SublocationRouteTest" classname="Tests.Feature.Playground.Directory.Resource.Http.Controllers.Playground.SublocationRouteTest" assertions="2" time="0.220908"/>
        <testcase name="test_json_admin_can_get_revisions_with_filters" file="/app/vendor/gammamatrix/playground-test/src/Feature/Http/Controllers/Resource/Playground/RevisionsJsonTrait.php" line="104" class="Tests\Feature\Playground\Directory\Resource\Http\Controllers\Playground\SublocationRouteTest" classname="Tests.Feature.Playground.Directory.Resource.Http.Controllers.Playground.SublocationRouteTest" assertions="103" time="0.220621"/>
        <testcase name="test_guest_cannot_render_revisions_view" file="/app/vendor/gammamatrix/playground-test/src/Feature/Http/Controllers/Resource/Playground/RevisionsTrait.php" line="34" class="Tests\Feature\Playground\Directory\Resource\Http\Controllers\Playground\SublocationRouteTest" classname="Tests.Feature.Playground.Directory.Resource.Http.Controllers.Playground.SublocationRouteTest" assertions="2" time="0.200329"/>
        <testcase name="test_admin_can_render_revisions_view" file="/app/vendor/gammamatrix/playground-test/src/Feature/Http/Controllers/Resource/Playground/RevisionsTrait.php" line="63" class="Tests\Feature\Playground\Directory\Resource\Http\Controllers\Playground\SublocationRouteTest" classname="Tests.Feature.Playground.Directory.Resource.Http.Controllers.Playground.SublocationRouteTest" assertions="2" time="0.269837"/>
        <testcase name="test_admin_can_render_revisions_view_with_filters" file="/app/vendor/gammamatrix/playground-test/src/Feature/Http/Controllers/Resource/Playground/RevisionsTrait.php" line="104" class="Tests\Feature\Playground\Directory\Resource\Http\Controllers\Playground\SublocationRouteTest" classname="Tests.Feature.Playground.Directory.Resource.Http.Controllers.Playground.SublocationRouteTest" assertions="3" time="0.239095"/>
        <testcase name="test_guest_cannot_render_revision_view" file="/app/vendor/gammamatrix/playground-test/src/Feature/Http/Controllers/Resource/Playground/RevisionTrait.php" line="38" class="Tests\Feature\Playground\Directory\Resource\Http\Controllers\Playground\SublocationRouteTest" classname="Tests.Feature.Playground.Directory.Resource.Http.Controllers.Playground.SublocationRouteTest" assertions="2" time="0.200993"/>
        <testcase name="test_revision_view_rendered_by_admin" file="/app/vendor/gammamatrix/playground-test/src/Feature/Http/Controllers/Resource/Playground/RevisionTrait.php" line="69" class="Tests\Feature\Playground\Directory\Resource\Http\Controllers\Playground\SublocationRouteTest" classname="Tests.Feature.Playground.Directory.Resource.Http.Controllers.Playground.SublocationRouteTest" assertions="2" time="0.225640"/>
        <testcase name="test_json_guest_cannot_see_info" file="/app/vendor/gammamatrix/playground-test/src/Feature/Http/Controllers/Resource/Playground/ShowJsonTrait.php" line="29" class="Tests\Feature\Playground\Directory\Resource\Http\Controllers\Playground\SublocationRouteTest" classname="Tests.Feature.Playground.Directory.Resource.Http.Controllers.Playground.SublocationRouteTest" assertions="1" time="0.193891"/>
        <testcase name="test_json_show_info_for_admin" file="/app/vendor/gammamatrix/playground-test/src/Feature/Http/Controllers/Resource/Playground/ShowJsonTrait.php" line="49" class="Tests\Feature\Playground\Directory\Resource\Http\Controllers\Playground\SublocationRouteTest" classname="Tests.Feature.Playground.Directory.Resource.Http.Controllers.Playground.SublocationRouteTest" assertions="96" time="0.210708"/>
        <testcase name="test_guest_cannot_render_show_view" file="/app/vendor/gammamatrix/playground-test/src/Feature/Http/Controllers/Resource/Playground/ShowTrait.php" line="29" class="Tests\Feature\Playground\Directory\Resource\Http\Controllers\Playground\SublocationRouteTest" classname="Tests.Feature.Playground.Directory.Resource.Http.Controllers.Playground.SublocationRouteTest" assertions="1" time="0.190995"/>
        <testcase name="test_show_view_rendered_by_admin" file="/app/vendor/gammamatrix/playground-test/src/Feature/Http/Controllers/Resource/Playground/ShowTrait.php" line="49" class="Tests\Feature\Playground\Directory\Resource\Http\Controllers\Playground\SublocationRouteTest" classname="Tests.Feature.Playground.Directory.Resource.Http.Controllers.Playground.SublocationRouteTest" assertions="2" time="0.214099"/>
        <testcase name="test_json_guest_cannot_store" file="/app/vendor/gammamatrix/playground-test/src/Feature/Http/Controllers/Resource/Playground/StoreJsonTrait.php" line="43" class="Tests\Feature\Playground\Directory\Resource\Http\Controllers\Playground\SublocationRouteTest" classname="Tests.Feature.Playground.Directory.Resource.Http.Controllers.Playground.SublocationRouteTest" assertions="3" time="0.195728"/>
        <testcase name="test_json_store_as_admin_without_payload_and_fail_validation" file="/app/vendor/gammamatrix/playground-test/src/Feature/Http/Controllers/Resource/Playground/StoreJsonTrait.php" line="66" class="Tests\Feature\Playground\Directory\Resource\Http\Controllers\Playground\SublocationRouteTest" classname="Tests.Feature.Playground.Directory.Resource.Http.Controllers.Playground.SublocationRouteTest" assertions="5" time="0.200775"/>
        <testcase name="test_json_store_as_admin_and_succeed" file="/app/vendor/gammamatrix/playground-test/src/Feature/Http/Controllers/Resource/Playground/StoreJsonTrait.php" line="92" class="Tests\Feature\Playground\Directory\Resource\Http\Controllers\Playground\SublocationRouteTest" classname="Tests.Feature.Playground.Directory.Resource.Http.Controllers.Playground.SublocationRouteTest" assertions="3" time="0.240973"/>
        <testcase name="test_guest_cannot_store" file="/app/vendor/gammamatrix/playground-test/src/Feature/Http/Controllers/Resource/Playground/StoreTrait.php" line="38" class="Tests\Feature\Playground\Directory\Resource\Http\Controllers\Playground\SublocationRouteTest" classname="Tests.Feature.Playground.Directory.Resource.Http.Controllers.Playground.SublocationRouteTest" assertions="3" time="0.189389"/>
        <testcase name="test_store_as_admin_without_payload_and_fail_validation" file="/app/vendor/gammamatrix/playground-test/src/Feature/Http/Controllers/Resource/Playground/StoreTrait.php" line="61" class="Tests\Feature\Playground\Directory\Resource\Http\Controllers\Playground\SublocationRouteTest" classname="Tests.Feature.Playground.Directory.Resource.Http.Controllers.Playground.SublocationRouteTest" assertions="5" time="0.202234"/>
        <testcase name="test_store_as_admin_and_succeed" file="/app/vendor/gammamatrix/playground-test/src/Feature/Http/Controllers/Resource/Playground/StoreTrait.php" line="90" class="Tests\Feature\Playground\Directory\Resource\Http\Controllers\Playground\SublocationRouteTest" classname="Tests.Feature.Playground.Directory.Resource.Http.Controllers.Playground.SublocationRouteTest" assertions="4" time="0.226149"/>
        <testcase name="test_store_as_admin_and_succeed_with_return_url" file="/app/vendor/gammamatrix/playground-test/src/Feature/Http/Controllers/Resource/Playground/StoreTrait.php" line="135" class="Tests\Feature\Playground\Directory\Resource\Http\Controllers\Playground\SublocationRouteTest" classname="Tests.Feature.Playground.Directory.Resource.Http.Controllers.Playground.SublocationRouteTest" assertions="4" time="0.228074"/>
        <testcase name="test_json_guest_cannot_unlock" file="/app/vendor/gammamatrix/playground-test/src/Feature/Http/Controllers/Resource/Playground/UnlockJsonTrait.php" line="36" class="Tests\Feature\Playground\Directory\Resource\Http\Controllers\Playground\SublocationRouteTest" classname="Tests.Feature.Playground.Directory.Resource.Http.Controllers.Playground.SublocationRouteTest" assertions="3" time="0.195024"/>
        <testcase name="test_json_unlock_as_admin_and_succeed" file="/app/vendor/gammamatrix/playground-test/src/Feature/Http/Controllers/Resource/Playground/UnlockJsonTrait.php" line="68" class="Tests\Feature\Playground\Directory\Resource\Http\Controllers\Playground\SublocationRouteTest" classname="Tests.Feature.Playground.Directory.Resource.Http.Controllers.Playground.SublocationRouteTest" assertions="97" time="0.210656"/>
        <testcase name="test_json_unlock_as_admin_and_succeed_with_no_redirect" file="/app/vendor/gammamatrix/playground-test/src/Feature/Http/Controllers/Resource/Playground/UnlockJsonTrait.php" line="104" class="Tests\Feature\Playground\Directory\Resource\Http\Controllers\Playground\SublocationRouteTest" classname="Tests.Feature.Playground.Directory.Resource.Http.Controllers.Playground.SublocationRouteTest" assertions="97" time="0.218079"/>
        <testcase name="test_json_unlock_as_user_and_get_denied" file="/app/vendor/gammamatrix/playground-test/src/Feature/Http/Controllers/Resource/Playground/UnlockJsonTrait.php" line="145" class="Tests\Feature\Playground\Directory\Resource\Http\Controllers\Playground\SublocationRouteTest" classname="Tests.Feature.Playground.Directory.Resource.Http.Controllers.Playground.SublocationRouteTest" assertions="3" time="0.203786"/>
        <testcase name="test_guest_cannot_unlock" file="/app/vendor/gammamatrix/playground-test/src/Feature/Http/Controllers/Resource/Playground/UnlockTrait.php" line="36" class="Tests\Feature\Playground\Directory\Resource\Http\Controllers\Playground\SublocationRouteTest" classname="Tests.Feature.Playground.Directory.Resource.Http.Controllers.Playground.SublocationRouteTest" assertions="3" time="0.196000"/>
        <testcase name="test_unlock_as_admin_and_succeed" file="/app/vendor/gammamatrix/playground-test/src/Feature/Http/Controllers/Resource/Playground/UnlockTrait.php" line="68" class="Tests\Feature\Playground\Directory\Resource\Http\Controllers\Playground\SublocationRouteTest" classname="Tests.Feature.Playground.Directory.Resource.Http.Controllers.Playground.SublocationRouteTest" assertions="4" time="0.211635"/>
        <testcase name="test_unlock_as_admin_and_succeed_with_redirect_to_index_with_sorted_by_unlocked_desc" file="/app/vendor/gammamatrix/playground-test/src/Feature/Http/Controllers/Resource/Playground/UnlockTrait.php" line="109" class="Tests\Feature\Playground\Directory\Resource\Http\Controllers\Playground\SublocationRouteTest" classname="Tests.Feature.Playground.Directory.Resource.Http.Controllers.Playground.SublocationRouteTest" assertions="4" time="0.207602"/>
        <testcase name="test_unlock_as_user_and_get_denied" file="/app/vendor/gammamatrix/playground-test/src/Feature/Http/Controllers/Resource/Playground/UnlockTrait.php" line="148" class="Tests\Feature\Playground\Directory\Resource\Http\Controllers\Playground\SublocationRouteTest" classname="Tests.Feature.Playground.Directory.Resource.Http.Controllers.Playground.SublocationRouteTest" assertions="3" time="0.207020"/>
        <testcase name="test_json_guest_cannot_update" file="/app/vendor/gammamatrix/playground-test/src/Feature/Http/Controllers/Resource/Playground/UpdateJsonTrait.php" line="45" class="Tests\Feature\Playground\Directory\Resource\Http\Controllers\Playground\SublocationRouteTest" classname="Tests.Feature.Playground.Directory.Resource.Http.Controllers.Playground.SublocationRouteTest" assertions="1" time="0.197424"/>
        <testcase name="test_json_update_as_admin_without_payload_and_fail_validation" file="/app/vendor/gammamatrix/playground-test/src/Feature/Http/Controllers/Resource/Playground/UpdateJsonTrait.php" line="65" class="Tests\Feature\Playground\Directory\Resource\Http\Controllers\Playground\SublocationRouteTest" classname="Tests.Feature.Playground.Directory.Resource.Http.Controllers.Playground.SublocationRouteTest" assertions="4" time="0.222997"/>
        <testcase name="test_json_admin_can_update" file="/app/vendor/gammamatrix/playground-test/src/Feature/Http/Controllers/Resource/Playground/UpdateJsonTrait.php" line="90" class="Tests\Feature\Playground\Directory\Resource\Http\Controllers\Playground\SublocationRouteTest" classname="Tests.Feature.Playground.Directory.Resource.Http.Controllers.Playground.SublocationRouteTest" assertions="99" time="0.281551"/>
        <testcase name="test_guest_cannot_update" file="/app/vendor/gammamatrix/playground-test/src/Feature/Http/Controllers/Resource/Playground/UpdateTrait.php" line="45" class="Tests\Feature\Playground\Directory\Resource\Http\Controllers\Playground\SublocationRouteTest" classname="Tests.Feature.Playground.Directory.Resource.Http.Controllers.Playground.SublocationRouteTest" assertions="1" time="0.206543"/>
        <testcase name="test_update_as_admin_without_payload_and_fail_validation" file="/app/vendor/gammamatrix/playground-test/src/Feature/Http/Controllers/Resource/Playground/UpdateTrait.php" line="65" class="Tests\Feature\Playground\Directory\Resource\Http\Controllers\Playground\SublocationRouteTest" classname="Tests.Feature.Playground.Directory.Resource.Http.Controllers.Playground.SublocationRouteTest" assertions="4" time="0.210495"/>
        <testcase name="test_admin_can_update" file="/app/vendor/gammamatrix/playground-test/src/Feature/Http/Controllers/Resource/Playground/UpdateTrait.php" line="90" class="Tests\Feature\Playground\Directory\Resource\Http\Controllers\Playground\SublocationRouteTest" classname="Tests.Feature.Playground.Directory.Resource.Http.Controllers.Playground.SublocationRouteTest" assertions="6" time="0.274890"/>
        <testcase name="test_admin_can_update_view_with_return_url" file="/app/vendor/gammamatrix/playground-test/src/Feature/Http/Controllers/Resource/Playground/UpdateTrait.php" line="133" class="Tests\Feature\Playground\Directory\Resource\Http\Controllers\Playground\SublocationRouteTest" classname="Tests.Feature.Playground.Directory.Resource.Http.Controllers.Playground.SublocationRouteTest" assertions="6" time="0.281683"/>
      </testsuite>
      <testsuite name="Tests\Feature\Playground\Directory\Resource\Http\Requests\FormRequest\InstanceTest" file="/app/tests/Feature/Http/Requests/FormRequest/InstanceTest.php" tests="1" assertions="1" errors="0" failures="0" skipped="0" time="0.163561">
        <testcase name="test_FormRequest_authorize_with_admin" file="/app/tests/Feature/Http/Requests/FormRequest/InstanceTest.php" line="21" class="Tests\Feature\Playground\Directory\Resource\Http\Requests\FormRequest\InstanceTest" classname="Tests.Feature.Playground.Directory.Resource.Http.Requests.FormRequest.InstanceTest" assertions="1" time="0.163561"/>
      </testsuite>
    </testsuite>
  </testsuite>
</testsuites>
